{"timestamp":"2024-05-27 13:15:18.996","level":"INFO","thread":"main","logger":"org.springframework.test.context.support.AnnotationConfigContextLoaderUtils","message":"Could not detect default configuration classes for test class [com.byob.beyourownbarista.coffee.CoffeeIT]: CoffeeIT does not declare any static, non-private, non-final, nested classes annotated with @Configuration.","context":"default"}
{"timestamp":"2024-05-27 13:15:19.179","level":"INFO","thread":"main","logger":"org.springframework.boot.test.context.SpringBootTestContextBootstrapper","message":"Found @SpringBootConfiguration com.byob.beyourownbarista.BeYourOwnBaristaApplication for test class com.byob.beyourownbarista.coffee.CoffeeIT","context":"default"}
{"timestamp":"2024-05-27 13:15:19.697","level":"INFO","thread":"main","logger":"com.byob.beyourownbarista.coffee.CoffeeIT","message":"Starting CoffeeIT using Java 17.0.11 with PID 28390 (/home/johnearl/Workspace/BeYourOwnBarista/build/classes/kotlin/test started by johnearl in /home/johnearl/Workspace/BeYourOwnBarista)","context":"default"}
{"timestamp":"2024-05-27 13:15:19.699","level":"INFO","thread":"main","logger":"com.byob.beyourownbarista.coffee.CoffeeIT","message":"No active profile set, falling back to 1 default profile: \"default\"","context":"default"}
{"timestamp":"2024-05-27 13:15:20.830","level":"INFO","thread":"main","logger":"org.springframework.data.repository.config.RepositoryConfigurationDelegate","message":"Bootstrapping Spring Data JPA repositories in DEFAULT mode.","context":"default"}
{"timestamp":"2024-05-27 13:15:20.905","level":"INFO","thread":"main","logger":"org.springframework.data.repository.config.RepositoryConfigurationDelegate","message":"Finished Spring Data repository scanning in 64 ms. Found 1 JPA repository interface.","context":"default"}
{"timestamp":"2024-05-27 13:15:21.676","level":"INFO","thread":"main","logger":"org.springframework.boot.web.embedded.tomcat.TomcatWebServer","message":"Tomcat initialized with port 0 (http)","context":"default"}
{"timestamp":"2024-05-27 13:15:21.689","level":"INFO","thread":"main","logger":"org.apache.coyote.http11.Http11NioProtocol","message":"Initializing ProtocolHandler [\"http-nio-auto-1\"]","context":"default"}
{"timestamp":"2024-05-27 13:15:21.692","level":"INFO","thread":"main","logger":"org.apache.catalina.core.StandardService","message":"Starting service [Tomcat]","context":"default"}
{"timestamp":"2024-05-27 13:15:21.692","level":"INFO","thread":"main","logger":"org.apache.catalina.core.StandardEngine","message":"Starting Servlet engine: [Apache Tomcat/10.1.20]","context":"default"}
{"timestamp":"2024-05-27 13:15:21.763","level":"INFO","thread":"main","logger":"org.apache.catalina.core.ContainerBase.[Tomcat].[localhost].[/]","message":"Initializing Spring embedded WebApplicationContext","context":"default"}
{"timestamp":"2024-05-27 13:15:21.764","level":"INFO","thread":"main","logger":"org.springframework.boot.web.servlet.context.ServletWebServerApplicationContext","message":"Root WebApplicationContext: initialization completed in 2048 ms","context":"default"}
{"timestamp":"2024-05-27 13:15:21.804","level":"INFO","thread":"main","logger":"com.zaxxer.hikari.HikariDataSource","message":"HikariPool-1 - Starting...","context":"default"}
{"timestamp":"2024-05-27 13:15:22.039","level":"INFO","thread":"main","logger":"com.zaxxer.hikari.pool.HikariPool","message":"HikariPool-1 - Added connection conn0: url=jdbc:h2:mem:5c049868-9a6c-4132-a2c8-fafbc8a20443 user=SA","context":"default"}
{"timestamp":"2024-05-27 13:15:22.042","level":"INFO","thread":"main","logger":"com.zaxxer.hikari.HikariDataSource","message":"HikariPool-1 - Start completed.","context":"default"}
{"timestamp":"2024-05-27 13:15:22.057","level":"INFO","thread":"main","logger":"org.springframework.boot.autoconfigure.h2.H2ConsoleAutoConfiguration","message":"H2 console available at '/h2-console'. Database available at 'jdbc:h2:mem:5c049868-9a6c-4132-a2c8-fafbc8a20443'","context":"default"}
{"timestamp":"2024-05-27 13:15:22.329","level":"INFO","thread":"main","logger":"org.hibernate.jpa.internal.util.LogHelper","message":"HHH000204: Processing PersistenceUnitInfo [name: default]","context":"default"}
{"timestamp":"2024-05-27 13:15:22.443","level":"INFO","thread":"main","logger":"org.hibernate.Version","message":"HHH000412: Hibernate ORM core version 6.4.4.Final","context":"default"}
{"timestamp":"2024-05-27 13:15:22.513","level":"INFO","thread":"main","logger":"org.hibernate.cache.internal.RegionFactoryInitiator","message":"HHH000026: Second-level cache disabled","context":"default"}
{"timestamp":"2024-05-27 13:15:22.835","level":"INFO","thread":"main","logger":"org.springframework.orm.jpa.persistenceunit.SpringPersistenceUnitInfo","message":"No LoadTimeWeaver setup: ignoring JPA class transformer","context":"default"}
{"timestamp":"2024-05-27 13:15:23.830","level":"INFO","thread":"main","logger":"org.hibernate.engine.transaction.jta.platform.internal.JtaPlatformInitiator","message":"HHH000489: No JTA platform available (set 'hibernate.transaction.jta.platform' to enable JTA platform integration)","context":"default"}
{"timestamp":"2024-05-27 13:15:23.860","level":"INFO","thread":"main","logger":"org.springframework.orm.jpa.LocalContainerEntityManagerFactoryBean","message":"Initialized JPA EntityManagerFactory for persistence unit 'default'","context":"default"}
{"timestamp":"2024-05-27 13:15:24.257","level":"WARN","thread":"main","logger":"org.springframework.boot.autoconfigure.orm.jpa.JpaBaseConfiguration$JpaWebConfiguration","message":"spring.jpa.open-in-view is enabled by default. Therefore, database queries may be performed during view rendering. Explicitly configure spring.jpa.open-in-view to disable this warning","context":"default"}
{"timestamp":"2024-05-27 13:15:24.758","level":"INFO","thread":"main","logger":"org.springframework.security.web.DefaultSecurityFilterChain","message":"Will secure Or [Mvc [pattern='/api/**']] with [org.springframework.security.web.session.DisableEncodeUrlFilter@27acd9a7, org.springframework.security.web.context.request.async.WebAsyncManagerIntegrationFilter@3f7d20c5, org.springframework.security.web.context.SecurityContextHolderFilter@38e46ea, org.springframework.security.web.header.HeaderWriterFilter@6bcf2780, org.springframework.web.filter.CorsFilter@142f0ac1, org.springframework.security.web.csrf.CsrfFilter@491afa9b, org.springframework.security.web.authentication.logout.LogoutFilter@48186ba8, org.springframework.security.oauth2.server.resource.web.authentication.BearerTokenAuthenticationFilter@6e18bc2f, org.springframework.security.web.savedrequest.RequestCacheAwareFilter@7f5a5ef3, org.springframework.security.web.servletapi.SecurityContextHolderAwareRequestFilter@4c53ce60, org.springframework.security.web.authentication.AnonymousAuthenticationFilter@1847da64, org.springframework.security.web.access.ExceptionTranslationFilter@6f66ab8f, org.springframework.security.web.access.intercept.AuthorizationFilter@e934485]","context":"default"}
{"timestamp":"2024-05-27 13:15:25.071","level":"INFO","thread":"main","logger":"org.apache.catalina.core.ContainerBase.[Tomcat].[localhost].[/]","message":"Initializing Spring TestDispatcherServlet ''","context":"default"}
{"timestamp":"2024-05-27 13:15:25.072","level":"INFO","thread":"main","logger":"org.springframework.test.web.servlet.TestDispatcherServlet","message":"Initializing Servlet ''","context":"default"}
{"timestamp":"2024-05-27 13:15:25.074","level":"INFO","thread":"main","logger":"org.springframework.test.web.servlet.TestDispatcherServlet","message":"Completed initialization in 2 ms","context":"default"}
{"timestamp":"2024-05-27 13:15:25.112","level":"INFO","thread":"main","logger":"org.apache.coyote.http11.Http11NioProtocol","message":"Starting ProtocolHandler [\"http-nio-auto-1\"]","context":"default"}
{"timestamp":"2024-05-27 13:15:25.131","level":"INFO","thread":"main","logger":"org.springframework.boot.web.embedded.tomcat.TomcatWebServer","message":"Tomcat started on port 46413 (http) with context path ''","context":"default"}
{"timestamp":"2024-05-27 13:15:25.145","level":"INFO","thread":"main","logger":"com.byob.beyourownbarista.coffee.CoffeeIT","message":"Started CoffeeIT in 5.829 seconds (process running for 11.849)","context":"default"}
{"timestamp":"2024-05-27 13:15:26.505","level":"INFO","thread":"SpringApplicationShutdownHook","logger":"org.springframework.orm.jpa.LocalContainerEntityManagerFactoryBean","message":"Closing JPA EntityManagerFactory for persistence unit 'default'","context":"default"}
{"timestamp":"2024-05-27 13:15:26.510","level":"INFO","thread":"SpringApplicationShutdownHook","logger":"com.zaxxer.hikari.HikariDataSource","message":"HikariPool-1 - Shutdown initiated...","context":"default"}
{"timestamp":"2024-05-27 13:15:26.515","level":"INFO","thread":"SpringApplicationShutdownHook","logger":"com.zaxxer.hikari.HikariDataSource","message":"HikariPool-1 - Shutdown completed.","context":"default"}
