{"timestamp":"2024-05-23 12:35:12.977","level":"INFO","thread":"main","logger":"com.byob.beyourownbarista.BeYourOwnBaristaApplicationKt","message":"Starting BeYourOwnBaristaApplicationKt using Java 17.0.11 with PID 295249 (/home/johnearl/Workspace/BeYourOwnBarista/build/classes/kotlin/main started by johnearl in /home/johnearl/Workspace/BeYourOwnBarista)","context":"default"}
{"timestamp":"2024-05-23 12:35:12.988","level":"INFO","thread":"main","logger":"com.byob.beyourownbarista.BeYourOwnBaristaApplicationKt","message":"No active profile set, falling back to 1 default profile: \"default\"","context":"default"}
{"timestamp":"2024-05-23 12:35:13.397","level":"INFO","thread":"main","logger":"org.springframework.data.repository.config.RepositoryConfigurationDelegate","message":"Bootstrapping Spring Data JPA repositories in DEFAULT mode.","context":"default"}
{"timestamp":"2024-05-23 12:35:13.422","level":"INFO","thread":"main","logger":"org.springframework.data.repository.config.RepositoryConfigurationDelegate","message":"Finished Spring Data repository scanning in 21 ms. Found 1 JPA repository interface.","context":"default"}
{"timestamp":"2024-05-23 12:35:13.659","level":"INFO","thread":"main","logger":"org.springframework.boot.web.embedded.tomcat.TomcatWebServer","message":"Tomcat initialized with port 8081 (http)","context":"default"}
{"timestamp":"2024-05-23 12:35:13.664","level":"INFO","thread":"main","logger":"org.apache.coyote.http11.Http11NioProtocol","message":"Initializing ProtocolHandler [\"http-nio-8081\"]","context":"default"}
{"timestamp":"2024-05-23 12:35:13.665","level":"INFO","thread":"main","logger":"org.apache.catalina.core.StandardService","message":"Starting service [Tomcat]","context":"default"}
{"timestamp":"2024-05-23 12:35:13.666","level":"INFO","thread":"main","logger":"org.apache.catalina.core.StandardEngine","message":"Starting Servlet engine: [Apache Tomcat/10.1.20]","context":"default"}
{"timestamp":"2024-05-23 12:35:13.698","level":"INFO","thread":"main","logger":"org.apache.catalina.core.ContainerBase.[Tomcat].[localhost].[/]","message":"Initializing Spring embedded WebApplicationContext","context":"default"}
{"timestamp":"2024-05-23 12:35:13.698","level":"INFO","thread":"main","logger":"org.springframework.boot.web.servlet.context.ServletWebServerApplicationContext","message":"Root WebApplicationContext: initialization completed in 687 ms","context":"default"}
{"timestamp":"2024-05-23 12:35:13.716","level":"INFO","thread":"main","logger":"com.zaxxer.hikari.HikariDataSource","message":"HikariPool-1 - Starting...","context":"default"}
{"timestamp":"2024-05-23 12:35:13.798","level":"INFO","thread":"main","logger":"com.zaxxer.hikari.pool.HikariPool","message":"HikariPool-1 - Added connection conn0: url=jdbc:h2:mem:66982452-6811-4e10-a087-ccb05c2598fb user=SA","context":"default"}
{"timestamp":"2024-05-23 12:35:13.799","level":"INFO","thread":"main","logger":"com.zaxxer.hikari.HikariDataSource","message":"HikariPool-1 - Start completed.","context":"default"}
{"timestamp":"2024-05-23 12:35:13.805","level":"INFO","thread":"main","logger":"org.springframework.boot.autoconfigure.h2.H2ConsoleAutoConfiguration","message":"H2 console available at '/h2-console'. Database available at 'jdbc:h2:mem:66982452-6811-4e10-a087-ccb05c2598fb'","context":"default"}
{"timestamp":"2024-05-23 12:35:13.884","level":"INFO","thread":"main","logger":"org.hibernate.jpa.internal.util.LogHelper","message":"HHH000204: Processing PersistenceUnitInfo [name: default]","context":"default"}
{"timestamp":"2024-05-23 12:35:13.904","level":"INFO","thread":"main","logger":"org.hibernate.Version","message":"HHH000412: Hibernate ORM core version 6.4.4.Final","context":"default"}
{"timestamp":"2024-05-23 12:35:13.918","level":"INFO","thread":"main","logger":"org.hibernate.cache.internal.RegionFactoryInitiator","message":"HHH000026: Second-level cache disabled","context":"default"}
{"timestamp":"2024-05-23 12:35:14.011","level":"INFO","thread":"main","logger":"org.springframework.orm.jpa.persistenceunit.SpringPersistenceUnitInfo","message":"No LoadTimeWeaver setup: ignoring JPA class transformer","context":"default"}
{"timestamp":"2024-05-23 12:35:14.392","level":"INFO","thread":"main","logger":"org.hibernate.engine.transaction.jta.platform.internal.JtaPlatformInitiator","message":"HHH000489: No JTA platform available (set 'hibernate.transaction.jta.platform' to enable JTA platform integration)","context":"default"}
{"timestamp":"2024-05-23 12:35:14.408","level":"INFO","thread":"main","logger":"org.springframework.orm.jpa.LocalContainerEntityManagerFactoryBean","message":"Initialized JPA EntityManagerFactory for persistence unit 'default'","context":"default"}
{"timestamp":"2024-05-23 12:35:14.587","level":"WARN","thread":"main","logger":"org.springframework.boot.autoconfigure.orm.jpa.JpaBaseConfiguration$JpaWebConfiguration","message":"spring.jpa.open-in-view is enabled by default. Therefore, database queries may be performed during view rendering. Explicitly configure spring.jpa.open-in-view to disable this warning","context":"default"}
{"timestamp":"2024-05-23 12:35:14.841","level":"INFO","thread":"main","logger":"org.springframework.security.web.DefaultSecurityFilterChain","message":"Will secure any request with [org.springframework.security.web.session.DisableEncodeUrlFilter@63bb719d, org.springframework.security.web.context.request.async.WebAsyncManagerIntegrationFilter@38e100ab, org.springframework.security.web.context.SecurityContextHolderFilter@608b74f3, org.springframework.security.web.header.HeaderWriterFilter@139da216, org.springframework.web.filter.CorsFilter@10b36d8a, org.springframework.security.web.csrf.CsrfFilter@c4bb119, org.springframework.security.web.authentication.logout.LogoutFilter@5a86112a, org.springframework.security.web.authentication.UsernamePasswordAuthenticationFilter@50b010d4, org.springframework.security.web.authentication.ui.DefaultLoginPageGeneratingFilter@20a434a8, org.springframework.security.web.authentication.ui.DefaultLogoutPageGeneratingFilter@318f47f1, org.springframework.security.web.authentication.www.BasicAuthenticationFilter@5fa0943d, org.springframework.security.web.savedrequest.RequestCacheAwareFilter@5a6f1342, org.springframework.security.web.servletapi.SecurityContextHolderAwareRequestFilter@650d5a3d, org.springframework.security.web.authentication.AnonymousAuthenticationFilter@900ffc4, org.springframework.security.web.access.ExceptionTranslationFilter@2f6f2d91, org.springframework.security.web.access.intercept.AuthorizationFilter@2438a038]","context":"default"}
{"timestamp":"2024-05-23 12:35:14.862","level":"INFO","thread":"main","logger":"org.apache.coyote.http11.Http11NioProtocol","message":"Starting ProtocolHandler [\"http-nio-8081\"]","context":"default"}
{"timestamp":"2024-05-23 12:35:14.872","level":"INFO","thread":"main","logger":"org.springframework.boot.web.embedded.tomcat.TomcatWebServer","message":"Tomcat started on port 8081 (http) with context path ''","context":"default"}
{"timestamp":"2024-05-23 12:35:14.878","level":"INFO","thread":"main","logger":"com.byob.beyourownbarista.BeYourOwnBaristaApplicationKt","message":"Started BeYourOwnBaristaApplicationKt in 2.086 seconds (process running for 2.433)","context":"default"}
{"timestamp":"2024-05-23 12:35:34.073","level":"INFO","thread":"http-nio-8081-exec-1","logger":"org.apache.catalina.core.ContainerBase.[Tomcat].[localhost].[/]","message":"Initializing Spring DispatcherServlet 'dispatcherServlet'","context":"default"}
{"timestamp":"2024-05-23 12:35:34.074","level":"INFO","thread":"http-nio-8081-exec-1","logger":"org.springframework.web.servlet.DispatcherServlet","message":"Initializing Servlet 'dispatcherServlet'","context":"default"}
{"timestamp":"2024-05-23 12:35:34.075","level":"INFO","thread":"http-nio-8081-exec-1","logger":"org.springframework.web.servlet.DispatcherServlet","message":"Completed initialization in 1 ms","context":"default"}
