{"timestamp":"2024-05-27 13:29:07.329","level":"INFO","thread":"main","logger":"org.springframework.test.context.support.AnnotationConfigContextLoaderUtils","message":"Could not detect default configuration classes for test class [com.byob.beyourownbarista.coffee.CoffeeIT]: CoffeeIT does not declare any static, non-private, non-final, nested classes annotated with @Configuration.","context":"default"}
{"timestamp":"2024-05-27 13:29:07.603","level":"INFO","thread":"main","logger":"org.springframework.boot.test.context.SpringBootTestContextBootstrapper","message":"Found @SpringBootConfiguration com.byob.beyourownbarista.BeYourOwnBaristaApplication for test class com.byob.beyourownbarista.coffee.CoffeeIT","context":"default"}
{"timestamp":"2024-05-27 13:29:08.431","level":"INFO","thread":"main","logger":"com.byob.beyourownbarista.coffee.CoffeeIT","message":"Starting CoffeeIT using Java 17.0.11 with PID 31821 (/home/johnearl/Workspace/BeYourOwnBarista/build/classes/kotlin/test started by johnearl in /home/johnearl/Workspace/BeYourOwnBarista)","context":"default"}
{"timestamp":"2024-05-27 13:29:08.434","level":"INFO","thread":"main","logger":"com.byob.beyourownbarista.coffee.CoffeeIT","message":"No active profile set, falling back to 1 default profile: \"default\"","context":"default"}
{"timestamp":"2024-05-27 13:29:09.706","level":"INFO","thread":"main","logger":"org.springframework.data.repository.config.RepositoryConfigurationDelegate","message":"Bootstrapping Spring Data JPA repositories in DEFAULT mode.","context":"default"}
{"timestamp":"2024-05-27 13:29:09.801","level":"INFO","thread":"main","logger":"org.springframework.data.repository.config.RepositoryConfigurationDelegate","message":"Finished Spring Data repository scanning in 83 ms. Found 1 JPA repository interface.","context":"default"}
{"timestamp":"2024-05-27 13:29:10.924","level":"INFO","thread":"main","logger":"org.springframework.boot.web.embedded.tomcat.TomcatWebServer","message":"Tomcat initialized with port 0 (http)","context":"default"}
{"timestamp":"2024-05-27 13:29:10.937","level":"INFO","thread":"main","logger":"org.apache.coyote.http11.Http11NioProtocol","message":"Initializing ProtocolHandler [\"http-nio-auto-1\"]","context":"default"}
{"timestamp":"2024-05-27 13:29:10.940","level":"INFO","thread":"main","logger":"org.apache.catalina.core.StandardService","message":"Starting service [Tomcat]","context":"default"}
{"timestamp":"2024-05-27 13:29:10.941","level":"INFO","thread":"main","logger":"org.apache.catalina.core.StandardEngine","message":"Starting Servlet engine: [Apache Tomcat/10.1.20]","context":"default"}
{"timestamp":"2024-05-27 13:29:11.015","level":"INFO","thread":"main","logger":"org.apache.catalina.core.ContainerBase.[Tomcat].[localhost].[/]","message":"Initializing Spring embedded WebApplicationContext","context":"default"}
{"timestamp":"2024-05-27 13:29:11.016","level":"INFO","thread":"main","logger":"org.springframework.boot.web.servlet.context.ServletWebServerApplicationContext","message":"Root WebApplicationContext: initialization completed in 2547 ms","context":"default"}
{"timestamp":"2024-05-27 13:29:11.058","level":"INFO","thread":"main","logger":"com.zaxxer.hikari.HikariDataSource","message":"HikariPool-1 - Starting...","context":"default"}
{"timestamp":"2024-05-27 13:29:11.325","level":"INFO","thread":"main","logger":"com.zaxxer.hikari.pool.HikariPool","message":"HikariPool-1 - Added connection conn0: url=jdbc:h2:mem:ac9d5886-07cf-4dfd-afec-11f6dac3e1a6 user=SA","context":"default"}
{"timestamp":"2024-05-27 13:29:11.327","level":"INFO","thread":"main","logger":"com.zaxxer.hikari.HikariDataSource","message":"HikariPool-1 - Start completed.","context":"default"}
{"timestamp":"2024-05-27 13:29:11.345","level":"INFO","thread":"main","logger":"org.springframework.boot.autoconfigure.h2.H2ConsoleAutoConfiguration","message":"H2 console available at '/h2-console'. Database available at 'jdbc:h2:mem:ac9d5886-07cf-4dfd-afec-11f6dac3e1a6'","context":"default"}
{"timestamp":"2024-05-27 13:29:11.625","level":"INFO","thread":"main","logger":"org.hibernate.jpa.internal.util.LogHelper","message":"HHH000204: Processing PersistenceUnitInfo [name: default]","context":"default"}
{"timestamp":"2024-05-27 13:29:11.697","level":"INFO","thread":"main","logger":"org.hibernate.Version","message":"HHH000412: Hibernate ORM core version 6.4.4.Final","context":"default"}
{"timestamp":"2024-05-27 13:29:11.771","level":"INFO","thread":"main","logger":"org.hibernate.cache.internal.RegionFactoryInitiator","message":"HHH000026: Second-level cache disabled","context":"default"}
{"timestamp":"2024-05-27 13:29:12.136","level":"INFO","thread":"main","logger":"org.springframework.orm.jpa.persistenceunit.SpringPersistenceUnitInfo","message":"No LoadTimeWeaver setup: ignoring JPA class transformer","context":"default"}
{"timestamp":"2024-05-27 13:29:13.372","level":"INFO","thread":"main","logger":"org.hibernate.engine.transaction.jta.platform.internal.JtaPlatformInitiator","message":"HHH000489: No JTA platform available (set 'hibernate.transaction.jta.platform' to enable JTA platform integration)","context":"default"}
{"timestamp":"2024-05-27 13:29:13.400","level":"INFO","thread":"main","logger":"org.springframework.orm.jpa.LocalContainerEntityManagerFactoryBean","message":"Initialized JPA EntityManagerFactory for persistence unit 'default'","context":"default"}
{"timestamp":"2024-05-27 13:29:13.898","level":"WARN","thread":"main","logger":"org.springframework.boot.autoconfigure.orm.jpa.JpaBaseConfiguration$JpaWebConfiguration","message":"spring.jpa.open-in-view is enabled by default. Therefore, database queries may be performed during view rendering. Explicitly configure spring.jpa.open-in-view to disable this warning","context":"default"}
{"timestamp":"2024-05-27 13:29:14.365","level":"INFO","thread":"main","logger":"org.springframework.security.web.DefaultSecurityFilterChain","message":"Will secure Or [Mvc [pattern='/api/**']] with [org.springframework.security.web.session.DisableEncodeUrlFilter@783a2fec, org.springframework.security.web.context.request.async.WebAsyncManagerIntegrationFilter@61236349, org.springframework.security.web.context.SecurityContextHolderFilter@5ac3d009, org.springframework.security.web.header.HeaderWriterFilter@7d8802cf, org.springframework.web.filter.CorsFilter@4daa53e0, org.springframework.security.web.csrf.CsrfFilter@61761e60, org.springframework.security.web.authentication.logout.LogoutFilter@53b42a0d, org.springframework.security.oauth2.server.resource.web.authentication.BearerTokenAuthenticationFilter@456d3914, org.springframework.security.web.savedrequest.RequestCacheAwareFilter@1ffcb4bb, org.springframework.security.web.servletapi.SecurityContextHolderAwareRequestFilter@6d66a248, org.springframework.security.web.authentication.AnonymousAuthenticationFilter@6b989889, org.springframework.security.web.access.ExceptionTranslationFilter@3d1b6816, org.springframework.security.web.access.intercept.AuthorizationFilter@4e9b66ab]","context":"default"}
{"timestamp":"2024-05-27 13:29:14.914","level":"INFO","thread":"main","logger":"org.apache.catalina.core.ContainerBase.[Tomcat].[localhost].[/]","message":"Initializing Spring TestDispatcherServlet ''","context":"default"}
{"timestamp":"2024-05-27 13:29:14.915","level":"INFO","thread":"main","logger":"org.springframework.test.web.servlet.TestDispatcherServlet","message":"Initializing Servlet ''","context":"default"}
{"timestamp":"2024-05-27 13:29:14.917","level":"INFO","thread":"main","logger":"org.springframework.test.web.servlet.TestDispatcherServlet","message":"Completed initialization in 1 ms","context":"default"}
{"timestamp":"2024-05-27 13:29:14.959","level":"INFO","thread":"main","logger":"org.apache.coyote.http11.Http11NioProtocol","message":"Starting ProtocolHandler [\"http-nio-auto-1\"]","context":"default"}
{"timestamp":"2024-05-27 13:29:14.979","level":"INFO","thread":"main","logger":"org.springframework.boot.web.embedded.tomcat.TomcatWebServer","message":"Tomcat started on port 42233 (http) with context path ''","context":"default"}
{"timestamp":"2024-05-27 13:29:14.993","level":"INFO","thread":"main","logger":"com.byob.beyourownbarista.coffee.CoffeeIT","message":"Started CoffeeIT in 7.219 seconds (process running for 13.243)","context":"default"}
{"timestamp":"2024-05-27 13:29:15.577","level":"WARN","thread":"pool-1-thread-1","logger":"org.springframework.web.servlet.handler.HandlerMappingIntrospector","message":"Cache miss for REQUEST dispatch to '/api/coffee' (previous null). Performing MatchableHandlerMapping lookup. This is logged once only at WARN level, and every time at TRACE.","context":"default"}
{"timestamp":"2024-05-27 13:29:15.747","level":"INFO","thread":"pool-1-thread-1","mdc":{"REQUEST_URI":"/api/coffee","TRACE_ID":"b5dbe78a-4e74-4475-9267-b1318709aca5","REQUEST_METHOD":"POST"},"logger":"com.byob.beyourownbarista.api.coffee.CoffeeController","message":"Creating new coffee: Coffee(id=0, name=Espresso, price=2.5)","context":"default"}
{"timestamp":"2024-05-27 13:29:16.711","level":"INFO","thread":"pool-1-thread-1","mdc":{"REQUEST_URI":"/api/coffee","TRACE_ID":"7b07c948-d340-4284-acc1-0f296b3b1fe6","REQUEST_METHOD":"GET"},"logger":"com.byob.beyourownbarista.api.coffee.CoffeeController","message":"Fetching all coffees","context":"default"}
{"timestamp":"2024-05-27 13:29:16.936","level":"INFO","thread":"pool-1-thread-1","mdc":{"REQUEST_URI":"/api/coffee/1","TRACE_ID":"14306859-83dd-4b88-bb30-df15165b43f3","REQUEST_METHOD":"GET"},"logger":"com.byob.beyourownbarista.api.coffee.CoffeeController","message":"Fetching coffee with id 1","context":"default"}
{"timestamp":"2024-05-27 13:29:17.015","level":"INFO","thread":"pool-1-thread-1","mdc":{"REQUEST_URI":"/api/coffee/2","TRACE_ID":"b86e81c9-deb5-4804-8b90-8ce6a94aaef4","REQUEST_METHOD":"GET"},"logger":"com.byob.beyourownbarista.api.coffee.CoffeeController","message":"Fetching coffee with id 2","context":"default"}
{"timestamp":"2024-05-27 13:29:17.019","level":"ERROR","thread":"pool-1-thread-1","mdc":{"REQUEST_URI":"/api/coffee/2","TRACE_ID":"b86e81c9-deb5-4804-8b90-8ce6a94aaef4","RESPONSE_CODE":"404","REQUEST_METHOD":"GET"},"logger":"com.byob.beyourownbarista.api.coffee.CoffeeController","message":"Coffee with id 2 not found","context":"default"}
{"timestamp":"2024-05-27 13:29:17.112","level":"INFO","thread":"pool-1-thread-1","mdc":{"REQUEST_URI":"/api/coffee/1","TRACE_ID":"52386757-b7b0-45f3-85b3-af855dc1c6ad","REQUEST_METHOD":"PUT"},"logger":"com.byob.beyourownbarista.api.coffee.CoffeeController","message":"Updating coffee with id 1","context":"default"}
{"timestamp":"2024-05-27 13:29:17.184","level":"INFO","thread":"pool-1-thread-1","mdc":{"REQUEST_URI":"/api/coffee/2","TRACE_ID":"b76c44bd-91a1-4dbe-9781-3cf55a16ba75","REQUEST_METHOD":"PUT"},"logger":"com.byob.beyourownbarista.api.coffee.CoffeeController","message":"Updating coffee with id 2","context":"default"}
{"timestamp":"2024-05-27 13:29:17.187","level":"ERROR","thread":"pool-1-thread-1","mdc":{"REQUEST_URI":"/api/coffee/2","TRACE_ID":"b76c44bd-91a1-4dbe-9781-3cf55a16ba75","RESPONSE_CODE":"404","REQUEST_METHOD":"PUT"},"logger":"com.byob.beyourownbarista.api.coffee.CoffeeController","message":"Coffee with id 2 not found","context":"default"}
{"timestamp":"2024-05-27 13:29:17.241","level":"INFO","thread":"pool-1-thread-1","mdc":{"REQUEST_URI":"/api/coffee/1","TRACE_ID":"f6b09a67-5173-4cce-b8a4-cbd087e114a8","REQUEST_METHOD":"DELETE"},"logger":"com.byob.beyourownbarista.api.coffee.CoffeeController","message":"Deleting coffee with id 1","context":"default"}
{"timestamp":"2024-05-27 13:29:17.277","level":"INFO","thread":"pool-1-thread-1","mdc":{"REQUEST_URI":"/api/coffee/1","TRACE_ID":"9d0ed10a-62e1-48ea-8f78-1e0c962ffb44","REQUEST_METHOD":"GET"},"logger":"com.byob.beyourownbarista.api.coffee.CoffeeController","message":"Fetching coffee with id 1","context":"default"}
{"timestamp":"2024-05-27 13:29:17.279","level":"ERROR","thread":"pool-1-thread-1","mdc":{"REQUEST_URI":"/api/coffee/1","TRACE_ID":"9d0ed10a-62e1-48ea-8f78-1e0c962ffb44","RESPONSE_CODE":"404","REQUEST_METHOD":"GET"},"logger":"com.byob.beyourownbarista.api.coffee.CoffeeController","message":"Coffee with id 1 not found","context":"default"}
{"timestamp":"2024-05-27 13:29:17.305","level":"INFO","thread":"pool-1-thread-1","mdc":{"REQUEST_URI":"/api/coffee/2","TRACE_ID":"61c18cb7-533e-4fee-a8cf-62396d610849","REQUEST_METHOD":"DELETE"},"logger":"com.byob.beyourownbarista.api.coffee.CoffeeController","message":"Deleting coffee with id 2","context":"default"}
{"timestamp":"2024-05-27 13:29:17.308","level":"ERROR","thread":"pool-1-thread-1","mdc":{"REQUEST_URI":"/api/coffee/2","TRACE_ID":"61c18cb7-533e-4fee-a8cf-62396d610849","RESPONSE_CODE":"404","REQUEST_METHOD":"DELETE"},"logger":"com.byob.beyourownbarista.api.coffee.CoffeeController","message":"Coffee with id 2 not found","context":"default"}
{"timestamp":"2024-05-27 13:29:17.375","level":"INFO","thread":"SpringApplicationShutdownHook","logger":"org.springframework.orm.jpa.LocalContainerEntityManagerFactoryBean","message":"Closing JPA EntityManagerFactory for persistence unit 'default'","context":"default"}
{"timestamp":"2024-05-27 13:29:17.381","level":"INFO","thread":"SpringApplicationShutdownHook","logger":"com.zaxxer.hikari.HikariDataSource","message":"HikariPool-1 - Shutdown initiated...","context":"default"}
{"timestamp":"2024-05-27 13:29:17.386","level":"INFO","thread":"SpringApplicationShutdownHook","logger":"com.zaxxer.hikari.HikariDataSource","message":"HikariPool-1 - Shutdown completed.","context":"default"}
