{"timestamp":"2024-05-25 07:34:46.415","level":"INFO","thread":"SpringApplicationShutdownHook","logger":"org.springframework.orm.jpa.LocalContainerEntityManagerFactoryBean","message":"Closing JPA EntityManagerFactory for persistence unit 'default'","context":"default"}
{"timestamp":"2024-05-25 07:34:46.418","level":"INFO","thread":"SpringApplicationShutdownHook","logger":"com.zaxxer.hikari.HikariDataSource","message":"HikariPool-1 - Shutdown initiated...","context":"default"}
{"timestamp":"2024-05-25 07:34:46.420","level":"INFO","thread":"SpringApplicationShutdownHook","logger":"com.zaxxer.hikari.HikariDataSource","message":"HikariPool-1 - Shutdown completed.","context":"default"}
{"timestamp":"2024-05-25 07:34:51.554","level":"INFO","thread":"main","logger":"com.byob.beyourownbarista.BeYourOwnBaristaApplicationKt","message":"Starting BeYourOwnBaristaApplicationKt using Java 17.0.11 with PID 71803 (/home/johnearl/Workspace/BeYourOwnBarista/build/classes/kotlin/main started by johnearl in /home/johnearl/Workspace/BeYourOwnBarista)","context":"default"}
{"timestamp":"2024-05-25 07:34:51.562","level":"INFO","thread":"main","logger":"com.byob.beyourownbarista.BeYourOwnBaristaApplicationKt","message":"No active profile set, falling back to 1 default profile: \"default\"","context":"default"}
{"timestamp":"2024-05-25 07:34:51.977","level":"INFO","thread":"main","logger":"org.springframework.data.repository.config.RepositoryConfigurationDelegate","message":"Bootstrapping Spring Data JPA repositories in DEFAULT mode.","context":"default"}
{"timestamp":"2024-05-25 07:34:52.007","level":"INFO","thread":"main","logger":"org.springframework.data.repository.config.RepositoryConfigurationDelegate","message":"Finished Spring Data repository scanning in 26 ms. Found 1 JPA repository interface.","context":"default"}
{"timestamp":"2024-05-25 07:34:52.224","level":"INFO","thread":"main","logger":"org.springframework.boot.web.embedded.tomcat.TomcatWebServer","message":"Tomcat initialized with port 8081 (http)","context":"default"}
{"timestamp":"2024-05-25 07:34:52.230","level":"INFO","thread":"main","logger":"org.apache.coyote.http11.Http11NioProtocol","message":"Initializing ProtocolHandler [\"http-nio-8081\"]","context":"default"}
{"timestamp":"2024-05-25 07:34:52.231","level":"INFO","thread":"main","logger":"org.apache.catalina.core.StandardService","message":"Starting service [Tomcat]","context":"default"}
{"timestamp":"2024-05-25 07:34:52.231","level":"INFO","thread":"main","logger":"org.apache.catalina.core.StandardEngine","message":"Starting Servlet engine: [Apache Tomcat/10.1.20]","context":"default"}
{"timestamp":"2024-05-25 07:34:52.256","level":"INFO","thread":"main","logger":"org.apache.catalina.core.ContainerBase.[Tomcat].[localhost].[/]","message":"Initializing Spring embedded WebApplicationContext","context":"default"}
{"timestamp":"2024-05-25 07:34:52.257","level":"INFO","thread":"main","logger":"org.springframework.boot.web.servlet.context.ServletWebServerApplicationContext","message":"Root WebApplicationContext: initialization completed in 674 ms","context":"default"}
{"timestamp":"2024-05-25 07:34:52.276","level":"INFO","thread":"main","logger":"com.zaxxer.hikari.HikariDataSource","message":"HikariPool-1 - Starting...","context":"default"}
{"timestamp":"2024-05-25 07:34:52.358","level":"INFO","thread":"main","logger":"com.zaxxer.hikari.pool.HikariPool","message":"HikariPool-1 - Added connection conn0: url=jdbc:h2:mem:7ae6e5da-58db-48be-a0b5-5a950f2d320e user=SA","context":"default"}
{"timestamp":"2024-05-25 07:34:52.359","level":"INFO","thread":"main","logger":"com.zaxxer.hikari.HikariDataSource","message":"HikariPool-1 - Start completed.","context":"default"}
{"timestamp":"2024-05-25 07:34:52.364","level":"INFO","thread":"main","logger":"org.springframework.boot.autoconfigure.h2.H2ConsoleAutoConfiguration","message":"H2 console available at '/h2-console'. Database available at 'jdbc:h2:mem:7ae6e5da-58db-48be-a0b5-5a950f2d320e'","context":"default"}
{"timestamp":"2024-05-25 07:34:52.430","level":"INFO","thread":"main","logger":"org.hibernate.jpa.internal.util.LogHelper","message":"HHH000204: Processing PersistenceUnitInfo [name: default]","context":"default"}
{"timestamp":"2024-05-25 07:34:52.449","level":"INFO","thread":"main","logger":"org.hibernate.Version","message":"HHH000412: Hibernate ORM core version 6.4.4.Final","context":"default"}
{"timestamp":"2024-05-25 07:34:52.462","level":"INFO","thread":"main","logger":"org.hibernate.cache.internal.RegionFactoryInitiator","message":"HHH000026: Second-level cache disabled","context":"default"}
{"timestamp":"2024-05-25 07:34:52.548","level":"INFO","thread":"main","logger":"org.springframework.orm.jpa.persistenceunit.SpringPersistenceUnitInfo","message":"No LoadTimeWeaver setup: ignoring JPA class transformer","context":"default"}
{"timestamp":"2024-05-25 07:34:52.879","level":"INFO","thread":"main","logger":"org.hibernate.engine.transaction.jta.platform.internal.JtaPlatformInitiator","message":"HHH000489: No JTA platform available (set 'hibernate.transaction.jta.platform' to enable JTA platform integration)","context":"default"}
{"timestamp":"2024-05-25 07:34:52.893","level":"INFO","thread":"main","logger":"org.springframework.orm.jpa.LocalContainerEntityManagerFactoryBean","message":"Initialized JPA EntityManagerFactory for persistence unit 'default'","context":"default"}
{"timestamp":"2024-05-25 07:34:53.047","level":"WARN","thread":"main","logger":"org.springframework.boot.autoconfigure.orm.jpa.JpaBaseConfiguration$JpaWebConfiguration","message":"spring.jpa.open-in-view is enabled by default. Therefore, database queries may be performed during view rendering. Explicitly configure spring.jpa.open-in-view to disable this warning","context":"default"}
{"timestamp":"2024-05-25 07:34:53.181","level":"INFO","thread":"main","logger":"org.springframework.security.web.DefaultSecurityFilterChain","message":"Will secure any request with [org.springframework.security.web.session.DisableEncodeUrlFilter@1b18fa79, org.springframework.security.web.context.request.async.WebAsyncManagerIntegrationFilter@24347d8b, org.springframework.security.web.context.SecurityContextHolderFilter@a6d4547, org.springframework.security.web.header.HeaderWriterFilter@32f243f, org.springframework.web.filter.CorsFilter@6418075c, org.springframework.security.web.csrf.CsrfFilter@9fc125b, org.springframework.security.web.authentication.logout.LogoutFilter@4ea4290f, org.springframework.security.oauth2.server.resource.web.authentication.BearerTokenAuthenticationFilter@103a1ad3, org.springframework.security.web.savedrequest.RequestCacheAwareFilter@23263586, org.springframework.security.web.servletapi.SecurityContextHolderAwareRequestFilter@4e2ad1f2, org.springframework.security.web.authentication.AnonymousAuthenticationFilter@f9919a2, org.springframework.security.web.access.ExceptionTranslationFilter@6137dc84, org.springframework.security.web.access.intercept.AuthorizationFilter@4c90fc3b]","context":"default"}
{"timestamp":"2024-05-25 07:34:53.307","level":"INFO","thread":"main","logger":"org.apache.coyote.http11.Http11NioProtocol","message":"Starting ProtocolHandler [\"http-nio-8081\"]","context":"default"}
{"timestamp":"2024-05-25 07:34:53.315","level":"INFO","thread":"main","logger":"org.springframework.boot.web.embedded.tomcat.TomcatWebServer","message":"Tomcat started on port 8081 (http) with context path ''","context":"default"}
{"timestamp":"2024-05-25 07:34:53.321","level":"INFO","thread":"main","logger":"com.byob.beyourownbarista.BeYourOwnBaristaApplicationKt","message":"Started BeYourOwnBaristaApplicationKt in 1.936 seconds (process running for 2.258)","context":"default"}
{"timestamp":"2024-05-25 07:34:58.272","level":"INFO","thread":"http-nio-8081-exec-1","logger":"org.apache.catalina.core.ContainerBase.[Tomcat].[localhost].[/]","message":"Initializing Spring DispatcherServlet 'dispatcherServlet'","context":"default"}
{"timestamp":"2024-05-25 07:34:58.273","level":"INFO","thread":"http-nio-8081-exec-1","logger":"org.springframework.web.servlet.DispatcherServlet","message":"Initializing Servlet 'dispatcherServlet'","context":"default"}
{"timestamp":"2024-05-25 07:34:58.274","level":"INFO","thread":"http-nio-8081-exec-1","logger":"org.springframework.web.servlet.DispatcherServlet","message":"Completed initialization in 1 ms","context":"default"}
{"timestamp":"2024-05-25 07:34:58.933","level":"INFO","thread":"http-nio-8081-exec-3","mdc":{"REQUEST_URI":"/api-docs/app-api-docs","TRACE_ID":"3b871b46-8c6e-4bef-9f2d-8b9ac9d79c56","REQUEST_METHOD":"GET"},"logger":"org.springdoc.api.AbstractOpenApiResource","message":"Init duration for springdoc-openapi is: 400 ms","context":"default"}
