{"timestamp":"2024-05-27 13:22:33.412","level":"INFO","thread":"main","logger":"org.springframework.test.context.support.AnnotationConfigContextLoaderUtils","message":"Could not detect default configuration classes for test class [com.byob.beyourownbarista.coffee.CoffeeIT]: CoffeeIT does not declare any static, non-private, non-final, nested classes annotated with @Configuration.","context":"default"}
{"timestamp":"2024-05-27 13:22:33.637","level":"INFO","thread":"main","logger":"org.springframework.boot.test.context.SpringBootTestContextBootstrapper","message":"Found @SpringBootConfiguration com.byob.beyourownbarista.BeYourOwnBaristaApplication for test class com.byob.beyourownbarista.coffee.CoffeeIT","context":"default"}
{"timestamp":"2024-05-27 13:22:34.184","level":"INFO","thread":"main","logger":"com.byob.beyourownbarista.coffee.CoffeeIT","message":"Starting CoffeeIT using Java 17.0.11 with PID 30308 (/home/johnearl/Workspace/BeYourOwnBarista/build/classes/kotlin/test started by johnearl in /home/johnearl/Workspace/BeYourOwnBarista)","context":"default"}
{"timestamp":"2024-05-27 13:22:34.187","level":"INFO","thread":"main","logger":"com.byob.beyourownbarista.coffee.CoffeeIT","message":"No active profile set, falling back to 1 default profile: \"default\"","context":"default"}
{"timestamp":"2024-05-27 13:22:35.590","level":"INFO","thread":"main","logger":"org.springframework.data.repository.config.RepositoryConfigurationDelegate","message":"Bootstrapping Spring Data JPA repositories in DEFAULT mode.","context":"default"}
{"timestamp":"2024-05-27 13:22:35.684","level":"INFO","thread":"main","logger":"org.springframework.data.repository.config.RepositoryConfigurationDelegate","message":"Finished Spring Data repository scanning in 67 ms. Found 1 JPA repository interface.","context":"default"}
{"timestamp":"2024-05-27 13:22:36.338","level":"INFO","thread":"main","logger":"org.springframework.boot.web.embedded.tomcat.TomcatWebServer","message":"Tomcat initialized with port 0 (http)","context":"default"}
{"timestamp":"2024-05-27 13:22:36.351","level":"INFO","thread":"main","logger":"org.apache.coyote.http11.Http11NioProtocol","message":"Initializing ProtocolHandler [\"http-nio-auto-1\"]","context":"default"}
{"timestamp":"2024-05-27 13:22:36.354","level":"INFO","thread":"main","logger":"org.apache.catalina.core.StandardService","message":"Starting service [Tomcat]","context":"default"}
{"timestamp":"2024-05-27 13:22:36.354","level":"INFO","thread":"main","logger":"org.apache.catalina.core.StandardEngine","message":"Starting Servlet engine: [Apache Tomcat/10.1.20]","context":"default"}
{"timestamp":"2024-05-27 13:22:36.426","level":"INFO","thread":"main","logger":"org.apache.catalina.core.ContainerBase.[Tomcat].[localhost].[/]","message":"Initializing Spring embedded WebApplicationContext","context":"default"}
{"timestamp":"2024-05-27 13:22:36.427","level":"INFO","thread":"main","logger":"org.springframework.boot.web.servlet.context.ServletWebServerApplicationContext","message":"Root WebApplicationContext: initialization completed in 2209 ms","context":"default"}
{"timestamp":"2024-05-27 13:22:36.467","level":"INFO","thread":"main","logger":"com.zaxxer.hikari.HikariDataSource","message":"HikariPool-1 - Starting...","context":"default"}
{"timestamp":"2024-05-27 13:22:36.689","level":"INFO","thread":"main","logger":"com.zaxxer.hikari.pool.HikariPool","message":"HikariPool-1 - Added connection conn0: url=jdbc:h2:mem:17221646-90c6-4c75-9958-632a791c548d user=SA","context":"default"}
{"timestamp":"2024-05-27 13:22:36.691","level":"INFO","thread":"main","logger":"com.zaxxer.hikari.HikariDataSource","message":"HikariPool-1 - Start completed.","context":"default"}
{"timestamp":"2024-05-27 13:22:36.706","level":"INFO","thread":"main","logger":"org.springframework.boot.autoconfigure.h2.H2ConsoleAutoConfiguration","message":"H2 console available at '/h2-console'. Database available at 'jdbc:h2:mem:17221646-90c6-4c75-9958-632a791c548d'","context":"default"}
{"timestamp":"2024-05-27 13:22:36.901","level":"INFO","thread":"main","logger":"org.hibernate.jpa.internal.util.LogHelper","message":"HHH000204: Processing PersistenceUnitInfo [name: default]","context":"default"}
{"timestamp":"2024-05-27 13:22:36.960","level":"INFO","thread":"main","logger":"org.hibernate.Version","message":"HHH000412: Hibernate ORM core version 6.4.4.Final","context":"default"}
{"timestamp":"2024-05-27 13:22:36.998","level":"INFO","thread":"main","logger":"org.hibernate.cache.internal.RegionFactoryInitiator","message":"HHH000026: Second-level cache disabled","context":"default"}
{"timestamp":"2024-05-27 13:22:37.239","level":"INFO","thread":"main","logger":"org.springframework.orm.jpa.persistenceunit.SpringPersistenceUnitInfo","message":"No LoadTimeWeaver setup: ignoring JPA class transformer","context":"default"}
{"timestamp":"2024-05-27 13:22:38.254","level":"INFO","thread":"main","logger":"org.hibernate.engine.transaction.jta.platform.internal.JtaPlatformInitiator","message":"HHH000489: No JTA platform available (set 'hibernate.transaction.jta.platform' to enable JTA platform integration)","context":"default"}
{"timestamp":"2024-05-27 13:22:38.281","level":"INFO","thread":"main","logger":"org.springframework.orm.jpa.LocalContainerEntityManagerFactoryBean","message":"Initialized JPA EntityManagerFactory for persistence unit 'default'","context":"default"}
{"timestamp":"2024-05-27 13:22:38.695","level":"WARN","thread":"main","logger":"org.springframework.boot.autoconfigure.orm.jpa.JpaBaseConfiguration$JpaWebConfiguration","message":"spring.jpa.open-in-view is enabled by default. Therefore, database queries may be performed during view rendering. Explicitly configure spring.jpa.open-in-view to disable this warning","context":"default"}
{"timestamp":"2024-05-27 13:22:39.062","level":"INFO","thread":"main","logger":"org.springframework.security.web.DefaultSecurityFilterChain","message":"Will secure Or [Mvc [pattern='/api/**']] with [org.springframework.security.web.session.DisableEncodeUrlFilter@142f0ac1, org.springframework.security.web.context.request.async.WebAsyncManagerIntegrationFilter@1847da64, org.springframework.security.web.context.SecurityContextHolderFilter@7f5a5ef3, org.springframework.security.web.header.HeaderWriterFilter@11544ddd, org.springframework.web.filter.CorsFilter@5967492a, org.springframework.security.web.csrf.CsrfFilter@60bd11f7, org.springframework.security.web.authentication.logout.LogoutFilter@26c84006, org.springframework.security.oauth2.server.resource.web.authentication.BearerTokenAuthenticationFilter@27acd9a7, org.springframework.security.web.savedrequest.RequestCacheAwareFilter@3d1b6816, org.springframework.security.web.servletapi.SecurityContextHolderAwareRequestFilter@508863eb, org.springframework.security.web.authentication.AnonymousAuthenticationFilter@f4a21cb, org.springframework.security.web.access.ExceptionTranslationFilter@6bcf2780, org.springframework.security.web.access.intercept.AuthorizationFilter@446dea16]","context":"default"}
{"timestamp":"2024-05-27 13:22:39.380","level":"INFO","thread":"main","logger":"org.apache.catalina.core.ContainerBase.[Tomcat].[localhost].[/]","message":"Initializing Spring TestDispatcherServlet ''","context":"default"}
{"timestamp":"2024-05-27 13:22:39.381","level":"INFO","thread":"main","logger":"org.springframework.test.web.servlet.TestDispatcherServlet","message":"Initializing Servlet ''","context":"default"}
{"timestamp":"2024-05-27 13:22:39.383","level":"INFO","thread":"main","logger":"org.springframework.test.web.servlet.TestDispatcherServlet","message":"Completed initialization in 2 ms","context":"default"}
{"timestamp":"2024-05-27 13:22:39.440","level":"INFO","thread":"main","logger":"org.apache.coyote.http11.Http11NioProtocol","message":"Starting ProtocolHandler [\"http-nio-auto-1\"]","context":"default"}
{"timestamp":"2024-05-27 13:22:39.460","level":"INFO","thread":"main","logger":"org.springframework.boot.web.embedded.tomcat.TomcatWebServer","message":"Tomcat started on port 42053 (http) with context path ''","context":"default"}
{"timestamp":"2024-05-27 13:22:39.475","level":"INFO","thread":"main","logger":"com.byob.beyourownbarista.coffee.CoffeeIT","message":"Started CoffeeIT in 5.698 seconds (process running for 12.416)","context":"default"}
{"timestamp":"2024-05-27 13:22:41.031","level":"INFO","thread":"SpringApplicationShutdownHook","logger":"org.springframework.orm.jpa.LocalContainerEntityManagerFactoryBean","message":"Closing JPA EntityManagerFactory for persistence unit 'default'","context":"default"}
{"timestamp":"2024-05-27 13:22:41.038","level":"INFO","thread":"SpringApplicationShutdownHook","logger":"com.zaxxer.hikari.HikariDataSource","message":"HikariPool-1 - Shutdown initiated...","context":"default"}
{"timestamp":"2024-05-27 13:22:41.043","level":"INFO","thread":"SpringApplicationShutdownHook","logger":"com.zaxxer.hikari.HikariDataSource","message":"HikariPool-1 - Shutdown completed.","context":"default"}
