{"timestamp":"2024-05-27 13:38:40.430","level":"INFO","thread":"main","logger":"com.byob.beyourownbarista.BeYourOwnBaristaApplicationKt","message":"Starting BeYourOwnBaristaApplicationKt using Java 17.0.11 with PID 32702 (/home/johnearl/Workspace/BeYourOwnBarista/build/classes/kotlin/main started by johnearl in /home/johnearl/Workspace/BeYourOwnBarista)","context":"default"}
{"timestamp":"2024-05-27 13:38:40.454","level":"INFO","thread":"main","logger":"com.byob.beyourownbarista.BeYourOwnBaristaApplicationKt","message":"No active profile set, falling back to 1 default profile: \"default\"","context":"default"}
{"timestamp":"2024-05-27 13:38:41.411","level":"INFO","thread":"main","logger":"org.springframework.data.repository.config.RepositoryConfigurationDelegate","message":"Bootstrapping Spring Data JPA repositories in DEFAULT mode.","context":"default"}
{"timestamp":"2024-05-27 13:38:41.466","level":"INFO","thread":"main","logger":"org.springframework.data.repository.config.RepositoryConfigurationDelegate","message":"Finished Spring Data repository scanning in 46 ms. Found 1 JPA repository interface.","context":"default"}
{"timestamp":"2024-05-27 13:38:41.985","level":"INFO","thread":"main","logger":"org.springframework.boot.web.embedded.tomcat.TomcatWebServer","message":"Tomcat initialized with port 8081 (http)","context":"default"}
{"timestamp":"2024-05-27 13:38:41.996","level":"INFO","thread":"main","logger":"org.apache.coyote.http11.Http11NioProtocol","message":"Initializing ProtocolHandler [\"http-nio-8081\"]","context":"default"}
{"timestamp":"2024-05-27 13:38:41.998","level":"INFO","thread":"main","logger":"org.apache.catalina.core.StandardService","message":"Starting service [Tomcat]","context":"default"}
{"timestamp":"2024-05-27 13:38:41.998","level":"INFO","thread":"main","logger":"org.apache.catalina.core.StandardEngine","message":"Starting Servlet engine: [Apache Tomcat/10.1.20]","context":"default"}
{"timestamp":"2024-05-27 13:38:42.052","level":"INFO","thread":"main","logger":"org.apache.catalina.core.ContainerBase.[Tomcat].[localhost].[/]","message":"Initializing Spring embedded WebApplicationContext","context":"default"}
{"timestamp":"2024-05-27 13:38:42.053","level":"INFO","thread":"main","logger":"org.springframework.boot.web.servlet.context.ServletWebServerApplicationContext","message":"Root WebApplicationContext: initialization completed in 1548 ms","context":"default"}
{"timestamp":"2024-05-27 13:38:42.083","level":"INFO","thread":"main","logger":"com.zaxxer.hikari.HikariDataSource","message":"HikariPool-1 - Starting...","context":"default"}
{"timestamp":"2024-05-27 13:38:42.291","level":"INFO","thread":"main","logger":"com.zaxxer.hikari.pool.HikariPool","message":"HikariPool-1 - Added connection conn0: url=jdbc:h2:mem:26ff8f9a-a6de-433c-ae9a-314157d3868c user=SA","context":"default"}
{"timestamp":"2024-05-27 13:38:42.294","level":"INFO","thread":"main","logger":"com.zaxxer.hikari.HikariDataSource","message":"HikariPool-1 - Start completed.","context":"default"}
{"timestamp":"2024-05-27 13:38:42.307","level":"INFO","thread":"main","logger":"org.springframework.boot.autoconfigure.h2.H2ConsoleAutoConfiguration","message":"H2 console available at '/h2-console'. Database available at 'jdbc:h2:mem:26ff8f9a-a6de-433c-ae9a-314157d3868c'","context":"default"}
{"timestamp":"2024-05-27 13:38:42.491","level":"INFO","thread":"main","logger":"org.hibernate.jpa.internal.util.LogHelper","message":"HHH000204: Processing PersistenceUnitInfo [name: default]","context":"default"}
{"timestamp":"2024-05-27 13:38:42.543","level":"INFO","thread":"main","logger":"org.hibernate.Version","message":"HHH000412: Hibernate ORM core version 6.4.4.Final","context":"default"}
{"timestamp":"2024-05-27 13:38:42.576","level":"INFO","thread":"main","logger":"org.hibernate.cache.internal.RegionFactoryInitiator","message":"HHH000026: Second-level cache disabled","context":"default"}
{"timestamp":"2024-05-27 13:38:42.813","level":"INFO","thread":"main","logger":"org.springframework.orm.jpa.persistenceunit.SpringPersistenceUnitInfo","message":"No LoadTimeWeaver setup: ignoring JPA class transformer","context":"default"}
{"timestamp":"2024-05-27 13:38:43.610","level":"INFO","thread":"main","logger":"org.hibernate.engine.transaction.jta.platform.internal.JtaPlatformInitiator","message":"HHH000489: No JTA platform available (set 'hibernate.transaction.jta.platform' to enable JTA platform integration)","context":"default"}
{"timestamp":"2024-05-27 13:38:43.634","level":"INFO","thread":"main","logger":"org.springframework.orm.jpa.LocalContainerEntityManagerFactoryBean","message":"Initialized JPA EntityManagerFactory for persistence unit 'default'","context":"default"}
{"timestamp":"2024-05-27 13:38:44.020","level":"WARN","thread":"main","logger":"org.springframework.boot.autoconfigure.orm.jpa.JpaBaseConfiguration$JpaWebConfiguration","message":"spring.jpa.open-in-view is enabled by default. Therefore, database queries may be performed during view rendering. Explicitly configure spring.jpa.open-in-view to disable this warning","context":"default"}
{"timestamp":"2024-05-27 13:38:44.314","level":"INFO","thread":"main","logger":"org.springframework.security.web.DefaultSecurityFilterChain","message":"Will secure Or [Mvc [pattern='/api/**']] with [org.springframework.security.web.session.DisableEncodeUrlFilter@58dd1d0c, org.springframework.security.web.context.request.async.WebAsyncManagerIntegrationFilter@740530b, org.springframework.security.web.context.SecurityContextHolderFilter@39eea4f6, org.springframework.security.web.header.HeaderWriterFilter@189fb01b, org.springframework.web.filter.CorsFilter@3dd8b40e, org.springframework.security.web.csrf.CsrfFilter@5a983f8a, org.springframework.security.web.authentication.logout.LogoutFilter@648c80cb, org.springframework.security.oauth2.server.resource.web.authentication.BearerTokenAuthenticationFilter@628b1538, org.springframework.security.web.savedrequest.RequestCacheAwareFilter@4400026, org.springframework.security.web.servletapi.SecurityContextHolderAwareRequestFilter@308d8de8, org.springframework.security.web.authentication.AnonymousAuthenticationFilter@4101e146, org.springframework.security.web.access.ExceptionTranslationFilter@14e54a35, org.springframework.security.web.access.intercept.AuthorizationFilter@12115c28]","context":"default"}
{"timestamp":"2024-05-27 13:38:44.616","level":"INFO","thread":"main","logger":"org.apache.coyote.http11.Http11NioProtocol","message":"Starting ProtocolHandler [\"http-nio-8081\"]","context":"default"}
{"timestamp":"2024-05-27 13:38:44.631","level":"INFO","thread":"main","logger":"org.springframework.boot.web.embedded.tomcat.TomcatWebServer","message":"Tomcat started on port 8081 (http) with context path ''","context":"default"}
{"timestamp":"2024-05-27 13:38:44.643","level":"INFO","thread":"main","logger":"com.byob.beyourownbarista.BeYourOwnBaristaApplicationKt","message":"Started BeYourOwnBaristaApplicationKt in 4.613 seconds (process running for 5.524)","context":"default"}
