{"timestamp":"2024-05-25 07:32:17.794","level":"INFO","thread":"main","logger":"com.byob.beyourownbarista.BeYourOwnBaristaApplicationKt","message":"Starting BeYourOwnBaristaApplicationKt using Java 17.0.11 with PID 71325 (/home/johnearl/Workspace/BeYourOwnBarista/build/classes/kotlin/main started by johnearl in /home/johnearl/Workspace/BeYourOwnBarista)","context":"default"}
{"timestamp":"2024-05-25 07:32:17.806","level":"INFO","thread":"main","logger":"com.byob.beyourownbarista.BeYourOwnBaristaApplicationKt","message":"No active profile set, falling back to 1 default profile: \"default\"","context":"default"}
{"timestamp":"2024-05-25 07:32:18.322","level":"INFO","thread":"main","logger":"org.springframework.data.repository.config.RepositoryConfigurationDelegate","message":"Bootstrapping Spring Data JPA repositories in DEFAULT mode.","context":"default"}
{"timestamp":"2024-05-25 07:32:18.348","level":"INFO","thread":"main","logger":"org.springframework.data.repository.config.RepositoryConfigurationDelegate","message":"Finished Spring Data repository scanning in 21 ms. Found 1 JPA repository interface.","context":"default"}
{"timestamp":"2024-05-25 07:32:18.604","level":"INFO","thread":"main","logger":"org.springframework.boot.web.embedded.tomcat.TomcatWebServer","message":"Tomcat initialized with port 8081 (http)","context":"default"}
{"timestamp":"2024-05-25 07:32:18.609","level":"INFO","thread":"main","logger":"org.apache.coyote.http11.Http11NioProtocol","message":"Initializing ProtocolHandler [\"http-nio-8081\"]","context":"default"}
{"timestamp":"2024-05-25 07:32:18.611","level":"INFO","thread":"main","logger":"org.apache.catalina.core.StandardService","message":"Starting service [Tomcat]","context":"default"}
{"timestamp":"2024-05-25 07:32:18.611","level":"INFO","thread":"main","logger":"org.apache.catalina.core.StandardEngine","message":"Starting Servlet engine: [Apache Tomcat/10.1.20]","context":"default"}
{"timestamp":"2024-05-25 07:32:18.638","level":"INFO","thread":"main","logger":"org.apache.catalina.core.ContainerBase.[Tomcat].[localhost].[/]","message":"Initializing Spring embedded WebApplicationContext","context":"default"}
{"timestamp":"2024-05-25 07:32:18.638","level":"INFO","thread":"main","logger":"org.springframework.boot.web.servlet.context.ServletWebServerApplicationContext","message":"Root WebApplicationContext: initialization completed in 808 ms","context":"default"}
{"timestamp":"2024-05-25 07:32:18.653","level":"INFO","thread":"main","logger":"com.zaxxer.hikari.HikariDataSource","message":"HikariPool-1 - Starting...","context":"default"}
{"timestamp":"2024-05-25 07:32:18.753","level":"INFO","thread":"main","logger":"com.zaxxer.hikari.pool.HikariPool","message":"HikariPool-1 - Added connection conn0: url=jdbc:h2:mem:04b87c93-9024-4ed4-a073-871d236f951c user=SA","context":"default"}
{"timestamp":"2024-05-25 07:32:18.754","level":"INFO","thread":"main","logger":"com.zaxxer.hikari.HikariDataSource","message":"HikariPool-1 - Start completed.","context":"default"}
{"timestamp":"2024-05-25 07:32:18.759","level":"INFO","thread":"main","logger":"org.springframework.boot.autoconfigure.h2.H2ConsoleAutoConfiguration","message":"H2 console available at '/h2-console'. Database available at 'jdbc:h2:mem:04b87c93-9024-4ed4-a073-871d236f951c'","context":"default"}
{"timestamp":"2024-05-25 07:32:18.838","level":"INFO","thread":"main","logger":"org.hibernate.jpa.internal.util.LogHelper","message":"HHH000204: Processing PersistenceUnitInfo [name: default]","context":"default"}
{"timestamp":"2024-05-25 07:32:18.873","level":"INFO","thread":"main","logger":"org.hibernate.Version","message":"HHH000412: Hibernate ORM core version 6.4.4.Final","context":"default"}
{"timestamp":"2024-05-25 07:32:18.900","level":"INFO","thread":"main","logger":"org.hibernate.cache.internal.RegionFactoryInitiator","message":"HHH000026: Second-level cache disabled","context":"default"}
{"timestamp":"2024-05-25 07:32:19.030","level":"INFO","thread":"main","logger":"org.springframework.orm.jpa.persistenceunit.SpringPersistenceUnitInfo","message":"No LoadTimeWeaver setup: ignoring JPA class transformer","context":"default"}
{"timestamp":"2024-05-25 07:32:19.468","level":"INFO","thread":"main","logger":"org.hibernate.engine.transaction.jta.platform.internal.JtaPlatformInitiator","message":"HHH000489: No JTA platform available (set 'hibernate.transaction.jta.platform' to enable JTA platform integration)","context":"default"}
{"timestamp":"2024-05-25 07:32:19.484","level":"INFO","thread":"main","logger":"org.springframework.orm.jpa.LocalContainerEntityManagerFactoryBean","message":"Initialized JPA EntityManagerFactory for persistence unit 'default'","context":"default"}
{"timestamp":"2024-05-25 07:32:19.697","level":"WARN","thread":"main","logger":"org.springframework.boot.autoconfigure.orm.jpa.JpaBaseConfiguration$JpaWebConfiguration","message":"spring.jpa.open-in-view is enabled by default. Therefore, database queries may be performed during view rendering. Explicitly configure spring.jpa.open-in-view to disable this warning","context":"default"}
{"timestamp":"2024-05-25 07:32:19.842","level":"INFO","thread":"main","logger":"org.springframework.security.web.DefaultSecurityFilterChain","message":"Will secure any request with [org.springframework.security.web.session.DisableEncodeUrlFilter@4a5eb613, org.springframework.security.web.context.request.async.WebAsyncManagerIntegrationFilter@1eaf4e77, org.springframework.security.web.context.SecurityContextHolderFilter@765d67dd, org.springframework.security.web.header.HeaderWriterFilter@75a5a912, org.springframework.web.filter.CorsFilter@23cfc9eb, org.springframework.security.web.csrf.CsrfFilter@37289e90, org.springframework.security.web.authentication.logout.LogoutFilter@1b18fa79, org.springframework.security.oauth2.server.resource.web.authentication.BearerTokenAuthenticationFilter@1315d910, org.springframework.security.web.savedrequest.RequestCacheAwareFilter@2fda92e0, org.springframework.security.web.servletapi.SecurityContextHolderAwareRequestFilter@535adf36, org.springframework.security.web.authentication.AnonymousAuthenticationFilter@14af9f51, org.springframework.security.web.access.ExceptionTranslationFilter@16ca4532, org.springframework.security.web.access.intercept.AuthorizationFilter@4dfe56dc]","context":"default"}
{"timestamp":"2024-05-25 07:32:19.977","level":"INFO","thread":"main","logger":"org.apache.coyote.http11.Http11NioProtocol","message":"Starting ProtocolHandler [\"http-nio-8081\"]","context":"default"}
{"timestamp":"2024-05-25 07:32:19.985","level":"INFO","thread":"main","logger":"org.springframework.boot.web.embedded.tomcat.TomcatWebServer","message":"Tomcat started on port 8081 (http) with context path ''","context":"default"}
{"timestamp":"2024-05-25 07:32:19.991","level":"INFO","thread":"main","logger":"com.byob.beyourownbarista.BeYourOwnBaristaApplicationKt","message":"Started BeYourOwnBaristaApplicationKt in 2.364 seconds (process running for 2.638)","context":"default"}
{"timestamp":"2024-05-25 07:32:49.123","level":"INFO","thread":"http-nio-8081-exec-1","logger":"org.apache.catalina.core.ContainerBase.[Tomcat].[localhost].[/]","message":"Initializing Spring DispatcherServlet 'dispatcherServlet'","context":"default"}
{"timestamp":"2024-05-25 07:32:49.123","level":"INFO","thread":"http-nio-8081-exec-1","logger":"org.springframework.web.servlet.DispatcherServlet","message":"Initializing Servlet 'dispatcherServlet'","context":"default"}
{"timestamp":"2024-05-25 07:32:49.124","level":"INFO","thread":"http-nio-8081-exec-1","logger":"org.springframework.web.servlet.DispatcherServlet","message":"Completed initialization in 1 ms","context":"default"}
