{"timestamp":"2024-05-27 13:25:44.001","level":"INFO","thread":"main","logger":"org.springframework.test.context.support.AnnotationConfigContextLoaderUtils","message":"Could not detect default configuration classes for test class [com.byob.beyourownbarista.coffee.CoffeeIT]: CoffeeIT does not declare any static, non-private, non-final, nested classes annotated with @Configuration.","context":"default"}
{"timestamp":"2024-05-27 13:25:44.287","level":"INFO","thread":"main","logger":"org.springframework.boot.test.context.SpringBootTestContextBootstrapper","message":"Found @SpringBootConfiguration com.byob.beyourownbarista.BeYourOwnBaristaApplication for test class com.byob.beyourownbarista.coffee.CoffeeIT","context":"default"}
{"timestamp":"2024-05-27 13:25:44.756","level":"INFO","thread":"main","logger":"com.byob.beyourownbarista.coffee.CoffeeIT","message":"Starting CoffeeIT using Java 17.0.11 with PID 30808 (/home/johnearl/Workspace/BeYourOwnBarista/build/classes/kotlin/test started by johnearl in /home/johnearl/Workspace/BeYourOwnBarista)","context":"default"}
{"timestamp":"2024-05-27 13:25:44.758","level":"INFO","thread":"main","logger":"com.byob.beyourownbarista.coffee.CoffeeIT","message":"No active profile set, falling back to 1 default profile: \"default\"","context":"default"}
{"timestamp":"2024-05-27 13:25:45.925","level":"INFO","thread":"main","logger":"org.springframework.data.repository.config.RepositoryConfigurationDelegate","message":"Bootstrapping Spring Data JPA repositories in DEFAULT mode.","context":"default"}
{"timestamp":"2024-05-27 13:25:46.062","level":"INFO","thread":"main","logger":"org.springframework.data.repository.config.RepositoryConfigurationDelegate","message":"Finished Spring Data repository scanning in 127 ms. Found 1 JPA repository interface.","context":"default"}
{"timestamp":"2024-05-27 13:25:46.830","level":"INFO","thread":"main","logger":"org.springframework.boot.web.embedded.tomcat.TomcatWebServer","message":"Tomcat initialized with port 0 (http)","context":"default"}
{"timestamp":"2024-05-27 13:25:46.842","level":"INFO","thread":"main","logger":"org.apache.coyote.http11.Http11NioProtocol","message":"Initializing ProtocolHandler [\"http-nio-auto-1\"]","context":"default"}
{"timestamp":"2024-05-27 13:25:46.845","level":"INFO","thread":"main","logger":"org.apache.catalina.core.StandardService","message":"Starting service [Tomcat]","context":"default"}
{"timestamp":"2024-05-27 13:25:46.846","level":"INFO","thread":"main","logger":"org.apache.catalina.core.StandardEngine","message":"Starting Servlet engine: [Apache Tomcat/10.1.20]","context":"default"}
{"timestamp":"2024-05-27 13:25:46.915","level":"INFO","thread":"main","logger":"org.apache.catalina.core.ContainerBase.[Tomcat].[localhost].[/]","message":"Initializing Spring embedded WebApplicationContext","context":"default"}
{"timestamp":"2024-05-27 13:25:46.915","level":"INFO","thread":"main","logger":"org.springframework.boot.web.servlet.context.ServletWebServerApplicationContext","message":"Root WebApplicationContext: initialization completed in 2138 ms","context":"default"}
{"timestamp":"2024-05-27 13:25:46.956","level":"INFO","thread":"main","logger":"com.zaxxer.hikari.HikariDataSource","message":"HikariPool-1 - Starting...","context":"default"}
{"timestamp":"2024-05-27 13:25:47.172","level":"INFO","thread":"main","logger":"com.zaxxer.hikari.pool.HikariPool","message":"HikariPool-1 - Added connection conn0: url=jdbc:h2:mem:727d8b0e-2f81-42c0-9b94-a7d96c964ae3 user=SA","context":"default"}
{"timestamp":"2024-05-27 13:25:47.174","level":"INFO","thread":"main","logger":"com.zaxxer.hikari.HikariDataSource","message":"HikariPool-1 - Start completed.","context":"default"}
{"timestamp":"2024-05-27 13:25:47.189","level":"INFO","thread":"main","logger":"org.springframework.boot.autoconfigure.h2.H2ConsoleAutoConfiguration","message":"H2 console available at '/h2-console'. Database available at 'jdbc:h2:mem:727d8b0e-2f81-42c0-9b94-a7d96c964ae3'","context":"default"}
{"timestamp":"2024-05-27 13:25:47.457","level":"INFO","thread":"main","logger":"org.hibernate.jpa.internal.util.LogHelper","message":"HHH000204: Processing PersistenceUnitInfo [name: default]","context":"default"}
{"timestamp":"2024-05-27 13:25:47.510","level":"INFO","thread":"main","logger":"org.hibernate.Version","message":"HHH000412: Hibernate ORM core version 6.4.4.Final","context":"default"}
{"timestamp":"2024-05-27 13:25:47.545","level":"INFO","thread":"main","logger":"org.hibernate.cache.internal.RegionFactoryInitiator","message":"HHH000026: Second-level cache disabled","context":"default"}
{"timestamp":"2024-05-27 13:25:47.854","level":"INFO","thread":"main","logger":"org.springframework.orm.jpa.persistenceunit.SpringPersistenceUnitInfo","message":"No LoadTimeWeaver setup: ignoring JPA class transformer","context":"default"}
{"timestamp":"2024-05-27 13:25:48.790","level":"INFO","thread":"main","logger":"org.hibernate.engine.transaction.jta.platform.internal.JtaPlatformInitiator","message":"HHH000489: No JTA platform available (set 'hibernate.transaction.jta.platform' to enable JTA platform integration)","context":"default"}
{"timestamp":"2024-05-27 13:25:48.816","level":"INFO","thread":"main","logger":"org.springframework.orm.jpa.LocalContainerEntityManagerFactoryBean","message":"Initialized JPA EntityManagerFactory for persistence unit 'default'","context":"default"}
{"timestamp":"2024-05-27 13:25:49.208","level":"WARN","thread":"main","logger":"org.springframework.boot.autoconfigure.orm.jpa.JpaBaseConfiguration$JpaWebConfiguration","message":"spring.jpa.open-in-view is enabled by default. Therefore, database queries may be performed during view rendering. Explicitly configure spring.jpa.open-in-view to disable this warning","context":"default"}
{"timestamp":"2024-05-27 13:25:49.571","level":"INFO","thread":"main","logger":"org.springframework.security.web.DefaultSecurityFilterChain","message":"Will secure Or [Mvc [pattern='/api/**']] with [org.springframework.security.web.session.DisableEncodeUrlFilter@1847da64, org.springframework.security.web.context.request.async.WebAsyncManagerIntegrationFilter@5967492a, org.springframework.security.web.context.SecurityContextHolderFilter@4c53ce60, org.springframework.security.web.header.HeaderWriterFilter@38e46ea, org.springframework.web.filter.CorsFilter@f4a21cb, org.springframework.security.web.csrf.CsrfFilter@693f9ab5, org.springframework.security.web.authentication.logout.LogoutFilter@4ea8832c, org.springframework.security.oauth2.server.resource.web.authentication.BearerTokenAuthenticationFilter@3f7d20c5, org.springframework.security.web.savedrequest.RequestCacheAwareFilter@508863eb, org.springframework.security.web.servletapi.SecurityContextHolderAwareRequestFilter@7d8802cf, org.springframework.security.web.authentication.AnonymousAuthenticationFilter@635f4be1, org.springframework.security.web.access.ExceptionTranslationFilter@4bb4adf7, org.springframework.security.web.access.intercept.AuthorizationFilter@28817763]","context":"default"}
{"timestamp":"2024-05-27 13:25:49.916","level":"INFO","thread":"main","logger":"org.apache.catalina.core.ContainerBase.[Tomcat].[localhost].[/]","message":"Initializing Spring TestDispatcherServlet ''","context":"default"}
{"timestamp":"2024-05-27 13:25:49.917","level":"INFO","thread":"main","logger":"org.springframework.test.web.servlet.TestDispatcherServlet","message":"Initializing Servlet ''","context":"default"}
{"timestamp":"2024-05-27 13:25:49.920","level":"INFO","thread":"main","logger":"org.springframework.test.web.servlet.TestDispatcherServlet","message":"Completed initialization in 2 ms","context":"default"}
{"timestamp":"2024-05-27 13:25:49.959","level":"INFO","thread":"main","logger":"org.apache.coyote.http11.Http11NioProtocol","message":"Starting ProtocolHandler [\"http-nio-auto-1\"]","context":"default"}
{"timestamp":"2024-05-27 13:25:49.985","level":"INFO","thread":"main","logger":"org.springframework.boot.web.embedded.tomcat.TomcatWebServer","message":"Tomcat started on port 35271 (http) with context path ''","context":"default"}
{"timestamp":"2024-05-27 13:25:50.014","level":"INFO","thread":"main","logger":"com.byob.beyourownbarista.coffee.CoffeeIT","message":"Started CoffeeIT in 5.599 seconds (process running for 12.028)","context":"default"}
{"timestamp":"2024-05-27 13:25:50.596","level":"WARN","thread":"pool-1-thread-1","logger":"org.springframework.web.servlet.handler.HandlerMappingIntrospector","message":"Cache miss for REQUEST dispatch to '/api/coffee' (previous null). Performing MatchableHandlerMapping lookup. This is logged once only at WARN level, and every time at TRACE.","context":"default"}
{"timestamp":"2024-05-27 13:25:50.721","level":"INFO","thread":"pool-1-thread-1","mdc":{"REQUEST_URI":"/api/coffee","TRACE_ID":"1e1f6433-2b55-45b4-8d40-754ae42391ae","REQUEST_METHOD":"POST"},"logger":"com.byob.beyourownbarista.api.coffee.CoffeeController","message":"Creating new coffee: Coffee(id=0, name=Espresso, price=2.5)","context":"default"}
{"timestamp":"2024-05-27 13:25:51.470","level":"INFO","thread":"pool-1-thread-1","mdc":{"REQUEST_URI":"/api/coffee","TRACE_ID":"bbe0c4cd-fea1-4609-a584-90ffc7269063","REQUEST_METHOD":"GET"},"logger":"com.byob.beyourownbarista.api.coffee.CoffeeController","message":"Fetching all coffees","context":"default"}
{"timestamp":"2024-05-27 13:25:51.538","level":"INFO","thread":"pool-1-thread-1","mdc":{"REQUEST_URI":"/api/coffee/1","TRACE_ID":"790a363b-2504-491d-bdd3-f5cbccdc006e","REQUEST_METHOD":"GET"},"logger":"com.byob.beyourownbarista.api.coffee.CoffeeController","message":"Fetching coffee with id 1","context":"default"}
{"timestamp":"2024-05-27 13:25:51.585","level":"INFO","thread":"pool-1-thread-1","mdc":{"REQUEST_URI":"/api/coffee/2","TRACE_ID":"e8310719-7ff8-4a22-875b-d3abde2eb881","REQUEST_METHOD":"GET"},"logger":"com.byob.beyourownbarista.api.coffee.CoffeeController","message":"Fetching coffee with id 2","context":"default"}
{"timestamp":"2024-05-27 13:25:51.588","level":"ERROR","thread":"pool-1-thread-1","mdc":{"REQUEST_URI":"/api/coffee/2","TRACE_ID":"e8310719-7ff8-4a22-875b-d3abde2eb881","RESPONSE_CODE":"404","REQUEST_METHOD":"GET"},"logger":"com.byob.beyourownbarista.api.coffee.CoffeeController","message":"Coffee with id 2 not found","context":"default"}
{"timestamp":"2024-05-27 13:25:51.636","level":"INFO","thread":"pool-1-thread-1","mdc":{"REQUEST_URI":"/api/coffee/1","TRACE_ID":"d13f8930-7c97-4f6c-99a3-fb7b1617df98","REQUEST_METHOD":"PUT"},"logger":"com.byob.beyourownbarista.api.coffee.CoffeeController","message":"Updating coffee with id 1","context":"default"}
{"timestamp":"2024-05-27 13:25:51.689","level":"INFO","thread":"pool-1-thread-1","mdc":{"REQUEST_URI":"/api/coffee/2","TRACE_ID":"89f3efa2-ac25-459d-86a6-9c4317ad5dc2","REQUEST_METHOD":"PUT"},"logger":"com.byob.beyourownbarista.api.coffee.CoffeeController","message":"Updating coffee with id 2","context":"default"}
{"timestamp":"2024-05-27 13:25:51.691","level":"ERROR","thread":"pool-1-thread-1","mdc":{"REQUEST_URI":"/api/coffee/2","TRACE_ID":"89f3efa2-ac25-459d-86a6-9c4317ad5dc2","RESPONSE_CODE":"404","REQUEST_METHOD":"PUT"},"logger":"com.byob.beyourownbarista.api.coffee.CoffeeController","message":"Coffee with id 2 not found","context":"default"}
{"timestamp":"2024-05-27 13:25:51.738","level":"INFO","thread":"pool-1-thread-1","mdc":{"REQUEST_URI":"/api/coffee/1","TRACE_ID":"708315a7-e0f6-49db-bd06-99bfa6582057","REQUEST_METHOD":"DELETE"},"logger":"com.byob.beyourownbarista.api.coffee.CoffeeController","message":"Deleting coffee with id 1","context":"default"}
{"timestamp":"2024-05-27 13:25:51.834","level":"INFO","thread":"pool-1-thread-1","mdc":{"REQUEST_URI":"/api/coffee/2","TRACE_ID":"3818a21a-ff7f-4b06-ab71-f00c56168728","REQUEST_METHOD":"DELETE"},"logger":"com.byob.beyourownbarista.api.coffee.CoffeeController","message":"Deleting coffee with id 2","context":"default"}
{"timestamp":"2024-05-27 13:25:51.837","level":"ERROR","thread":"pool-1-thread-1","mdc":{"REQUEST_URI":"/api/coffee/2","TRACE_ID":"3818a21a-ff7f-4b06-ab71-f00c56168728","RESPONSE_CODE":"404","REQUEST_METHOD":"DELETE"},"logger":"com.byob.beyourownbarista.api.coffee.CoffeeController","message":"Coffee with id 2 not found","context":"default"}
{"timestamp":"2024-05-27 13:25:51.886","level":"INFO","thread":"SpringApplicationShutdownHook","logger":"org.springframework.orm.jpa.LocalContainerEntityManagerFactoryBean","message":"Closing JPA EntityManagerFactory for persistence unit 'default'","context":"default"}
{"timestamp":"2024-05-27 13:25:51.891","level":"INFO","thread":"SpringApplicationShutdownHook","logger":"com.zaxxer.hikari.HikariDataSource","message":"HikariPool-1 - Shutdown initiated...","context":"default"}
{"timestamp":"2024-05-27 13:25:51.895","level":"INFO","thread":"SpringApplicationShutdownHook","logger":"com.zaxxer.hikari.HikariDataSource","message":"HikariPool-1 - Shutdown completed.","context":"default"}
