{"timestamp":"2024-05-27 13:27:39.779","level":"INFO","thread":"main","logger":"org.springframework.test.context.support.AnnotationConfigContextLoaderUtils","message":"Could not detect default configuration classes for test class [com.byob.beyourownbarista.coffee.CoffeeIT]: CoffeeIT does not declare any static, non-private, non-final, nested classes annotated with @Configuration.","context":"default"}
{"timestamp":"2024-05-27 13:27:39.977","level":"INFO","thread":"main","logger":"org.springframework.boot.test.context.SpringBootTestContextBootstrapper","message":"Found @SpringBootConfiguration com.byob.beyourownbarista.BeYourOwnBaristaApplication for test class com.byob.beyourownbarista.coffee.CoffeeIT","context":"default"}
{"timestamp":"2024-05-27 13:27:40.490","level":"INFO","thread":"main","logger":"com.byob.beyourownbarista.coffee.CoffeeIT","message":"Starting CoffeeIT using Java 17.0.11 with PID 31164 (/home/johnearl/Workspace/BeYourOwnBarista/build/classes/kotlin/test started by johnearl in /home/johnearl/Workspace/BeYourOwnBarista)","context":"default"}
{"timestamp":"2024-05-27 13:27:40.493","level":"INFO","thread":"main","logger":"com.byob.beyourownbarista.coffee.CoffeeIT","message":"No active profile set, falling back to 1 default profile: \"default\"","context":"default"}
{"timestamp":"2024-05-27 13:27:42.245","level":"INFO","thread":"main","logger":"org.springframework.data.repository.config.RepositoryConfigurationDelegate","message":"Bootstrapping Spring Data JPA repositories in DEFAULT mode.","context":"default"}
{"timestamp":"2024-05-27 13:27:42.309","level":"INFO","thread":"main","logger":"org.springframework.data.repository.config.RepositoryConfigurationDelegate","message":"Finished Spring Data repository scanning in 55 ms. Found 1 JPA repository interface.","context":"default"}
{"timestamp":"2024-05-27 13:27:43.061","level":"INFO","thread":"main","logger":"org.springframework.boot.web.embedded.tomcat.TomcatWebServer","message":"Tomcat initialized with port 0 (http)","context":"default"}
{"timestamp":"2024-05-27 13:27:43.082","level":"INFO","thread":"main","logger":"org.apache.coyote.http11.Http11NioProtocol","message":"Initializing ProtocolHandler [\"http-nio-auto-1\"]","context":"default"}
{"timestamp":"2024-05-27 13:27:43.088","level":"INFO","thread":"main","logger":"org.apache.catalina.core.StandardService","message":"Starting service [Tomcat]","context":"default"}
{"timestamp":"2024-05-27 13:27:43.089","level":"INFO","thread":"main","logger":"org.apache.catalina.core.StandardEngine","message":"Starting Servlet engine: [Apache Tomcat/10.1.20]","context":"default"}
{"timestamp":"2024-05-27 13:27:43.191","level":"INFO","thread":"main","logger":"org.apache.catalina.core.ContainerBase.[Tomcat].[localhost].[/]","message":"Initializing Spring embedded WebApplicationContext","context":"default"}
{"timestamp":"2024-05-27 13:27:43.192","level":"INFO","thread":"main","logger":"org.springframework.boot.web.servlet.context.ServletWebServerApplicationContext","message":"Root WebApplicationContext: initialization completed in 2679 ms","context":"default"}
{"timestamp":"2024-05-27 13:27:43.233","level":"INFO","thread":"main","logger":"com.zaxxer.hikari.HikariDataSource","message":"HikariPool-1 - Starting...","context":"default"}
{"timestamp":"2024-05-27 13:27:43.617","level":"INFO","thread":"main","logger":"com.zaxxer.hikari.pool.HikariPool","message":"HikariPool-1 - Added connection conn0: url=jdbc:h2:mem:86d4338d-e623-4e40-aff2-0ef30af1b7e3 user=SA","context":"default"}
{"timestamp":"2024-05-27 13:27:43.619","level":"INFO","thread":"main","logger":"com.zaxxer.hikari.HikariDataSource","message":"HikariPool-1 - Start completed.","context":"default"}
{"timestamp":"2024-05-27 13:27:43.633","level":"INFO","thread":"main","logger":"org.springframework.boot.autoconfigure.h2.H2ConsoleAutoConfiguration","message":"H2 console available at '/h2-console'. Database available at 'jdbc:h2:mem:86d4338d-e623-4e40-aff2-0ef30af1b7e3'","context":"default"}
{"timestamp":"2024-05-27 13:27:43.913","level":"INFO","thread":"main","logger":"org.hibernate.jpa.internal.util.LogHelper","message":"HHH000204: Processing PersistenceUnitInfo [name: default]","context":"default"}
{"timestamp":"2024-05-27 13:27:44.024","level":"INFO","thread":"main","logger":"org.hibernate.Version","message":"HHH000412: Hibernate ORM core version 6.4.4.Final","context":"default"}
{"timestamp":"2024-05-27 13:27:44.093","level":"INFO","thread":"main","logger":"org.hibernate.cache.internal.RegionFactoryInitiator","message":"HHH000026: Second-level cache disabled","context":"default"}
{"timestamp":"2024-05-27 13:27:44.510","level":"INFO","thread":"main","logger":"org.springframework.orm.jpa.persistenceunit.SpringPersistenceUnitInfo","message":"No LoadTimeWeaver setup: ignoring JPA class transformer","context":"default"}
{"timestamp":"2024-05-27 13:27:45.378","level":"INFO","thread":"main","logger":"org.hibernate.engine.transaction.jta.platform.internal.JtaPlatformInitiator","message":"HHH000489: No JTA platform available (set 'hibernate.transaction.jta.platform' to enable JTA platform integration)","context":"default"}
{"timestamp":"2024-05-27 13:27:45.405","level":"INFO","thread":"main","logger":"org.springframework.orm.jpa.LocalContainerEntityManagerFactoryBean","message":"Initialized JPA EntityManagerFactory for persistence unit 'default'","context":"default"}
{"timestamp":"2024-05-27 13:27:45.918","level":"WARN","thread":"main","logger":"org.springframework.boot.autoconfigure.orm.jpa.JpaBaseConfiguration$JpaWebConfiguration","message":"spring.jpa.open-in-view is enabled by default. Therefore, database queries may be performed during view rendering. Explicitly configure spring.jpa.open-in-view to disable this warning","context":"default"}
{"timestamp":"2024-05-27 13:27:46.302","level":"INFO","thread":"main","logger":"org.springframework.security.web.DefaultSecurityFilterChain","message":"Will secure Or [Mvc [pattern='/api/**']] with [org.springframework.security.web.session.DisableEncodeUrlFilter@635f4be1, org.springframework.security.web.context.request.async.WebAsyncManagerIntegrationFilter@456d3914, org.springframework.security.web.context.SecurityContextHolderFilter@7d8802cf, org.springframework.security.web.header.HeaderWriterFilter@4c53ce60, org.springframework.web.filter.CorsFilter@26a0068a, org.springframework.security.web.csrf.CsrfFilter@3f04847e, org.springframework.security.web.authentication.logout.LogoutFilter@7585531b, org.springframework.security.oauth2.server.resource.web.authentication.BearerTokenAuthenticationFilter@5967492a, org.springframework.security.web.savedrequest.RequestCacheAwareFilter@494775f1, org.springframework.security.web.servletapi.SecurityContextHolderAwareRequestFilter@5ac3d009, org.springframework.security.web.authentication.AnonymousAuthenticationFilter@783a2fec, org.springframework.security.web.access.ExceptionTranslationFilter@116f823c, org.springframework.security.web.access.intercept.AuthorizationFilter@412b90cc]","context":"default"}
{"timestamp":"2024-05-27 13:27:46.669","level":"INFO","thread":"main","logger":"org.apache.catalina.core.ContainerBase.[Tomcat].[localhost].[/]","message":"Initializing Spring TestDispatcherServlet ''","context":"default"}
{"timestamp":"2024-05-27 13:27:46.670","level":"INFO","thread":"main","logger":"org.springframework.test.web.servlet.TestDispatcherServlet","message":"Initializing Servlet ''","context":"default"}
{"timestamp":"2024-05-27 13:27:46.672","level":"INFO","thread":"main","logger":"org.springframework.test.web.servlet.TestDispatcherServlet","message":"Completed initialization in 2 ms","context":"default"}
{"timestamp":"2024-05-27 13:27:46.714","level":"INFO","thread":"main","logger":"org.apache.coyote.http11.Http11NioProtocol","message":"Starting ProtocolHandler [\"http-nio-auto-1\"]","context":"default"}
{"timestamp":"2024-05-27 13:27:46.735","level":"INFO","thread":"main","logger":"org.springframework.boot.web.embedded.tomcat.TomcatWebServer","message":"Tomcat started on port 42727 (http) with context path ''","context":"default"}
{"timestamp":"2024-05-27 13:27:46.749","level":"INFO","thread":"main","logger":"com.byob.beyourownbarista.coffee.CoffeeIT","message":"Started CoffeeIT in 6.625 seconds (process running for 13.795)","context":"default"}
{"timestamp":"2024-05-27 13:27:47.393","level":"WARN","thread":"pool-1-thread-1","logger":"org.springframework.web.servlet.handler.HandlerMappingIntrospector","message":"Cache miss for REQUEST dispatch to '/api/coffee/0' (previous null). Performing MatchableHandlerMapping lookup. This is logged once only at WARN level, and every time at TRACE.","context":"default"}
{"timestamp":"2024-05-27 13:27:47.538","level":"INFO","thread":"pool-1-thread-1","mdc":{"REQUEST_URI":"/api/coffee/0","TRACE_ID":"7c7233b8-8174-43f7-9317-229cc1825bb7","REQUEST_METHOD":"DELETE"},"logger":"com.byob.beyourownbarista.api.coffee.CoffeeController","message":"Deleting coffee with id 0","context":"default"}
{"timestamp":"2024-05-27 13:27:47.568","level":"ERROR","thread":"pool-1-thread-1","mdc":{"REQUEST_URI":"/api/coffee/0","TRACE_ID":"7c7233b8-8174-43f7-9317-229cc1825bb7","RESPONSE_CODE":"404","REQUEST_METHOD":"DELETE"},"logger":"com.byob.beyourownbarista.api.coffee.CoffeeController","message":"Coffee with id 0 not found","context":"default"}
{"timestamp":"2024-05-27 13:27:47.629","level":"INFO","thread":"pool-1-thread-1","mdc":{"REQUEST_URI":"/api/coffee/2","TRACE_ID":"d54f33be-805c-4dbc-bf18-75949c2d805e","REQUEST_METHOD":"DELETE"},"logger":"com.byob.beyourownbarista.api.coffee.CoffeeController","message":"Deleting coffee with id 2","context":"default"}
{"timestamp":"2024-05-27 13:27:47.631","level":"ERROR","thread":"pool-1-thread-1","mdc":{"REQUEST_URI":"/api/coffee/2","TRACE_ID":"d54f33be-805c-4dbc-bf18-75949c2d805e","RESPONSE_CODE":"404","REQUEST_METHOD":"DELETE"},"logger":"com.byob.beyourownbarista.api.coffee.CoffeeController","message":"Coffee with id 2 not found","context":"default"}
{"timestamp":"2024-05-27 13:27:48.110","level":"INFO","thread":"SpringApplicationShutdownHook","logger":"org.springframework.orm.jpa.LocalContainerEntityManagerFactoryBean","message":"Closing JPA EntityManagerFactory for persistence unit 'default'","context":"default"}
{"timestamp":"2024-05-27 13:27:48.114","level":"INFO","thread":"SpringApplicationShutdownHook","logger":"com.zaxxer.hikari.HikariDataSource","message":"HikariPool-1 - Shutdown initiated...","context":"default"}
{"timestamp":"2024-05-27 13:27:48.116","level":"INFO","thread":"SpringApplicationShutdownHook","logger":"com.zaxxer.hikari.HikariDataSource","message":"HikariPool-1 - Shutdown completed.","context":"default"}
