{"timestamp":"2024-05-27 13:10:01.020","level":"INFO","thread":"main","logger":"org.springframework.data.repository.config.RepositoryConfigurationDelegate","message":"Bootstrapping Spring Data JPA repositories in DEFAULT mode.","context":"default"}
{"timestamp":"2024-05-27 13:10:01.101","level":"INFO","thread":"main","logger":"org.springframework.data.repository.config.RepositoryConfigurationDelegate","message":"Finished Spring Data repository scanning in 65 ms. Found 1 JPA repository interface.","context":"default"}
{"timestamp":"2024-05-27 13:10:02.217","level":"INFO","thread":"main","logger":"org.springframework.boot.web.embedded.tomcat.TomcatWebServer","message":"Tomcat initialized with port 0 (http)","context":"default"}
{"timestamp":"2024-05-27 13:10:02.238","level":"INFO","thread":"main","logger":"org.apache.coyote.http11.Http11NioProtocol","message":"Initializing ProtocolHandler [\"http-nio-auto-1\"]","context":"default"}
{"timestamp":"2024-05-27 13:10:02.243","level":"INFO","thread":"main","logger":"org.apache.catalina.core.StandardService","message":"Starting service [Tomcat]","context":"default"}
{"timestamp":"2024-05-27 13:10:02.245","level":"INFO","thread":"main","logger":"org.apache.catalina.core.StandardEngine","message":"Starting Servlet engine: [Apache Tomcat/10.1.20]","context":"default"}
{"timestamp":"2024-05-27 13:10:02.384","level":"INFO","thread":"main","logger":"org.apache.catalina.core.ContainerBase.[Tomcat].[localhost].[/]","message":"Initializing Spring embedded WebApplicationContext","context":"default"}
{"timestamp":"2024-05-27 13:10:02.386","level":"INFO","thread":"main","logger":"org.springframework.boot.web.servlet.context.ServletWebServerApplicationContext","message":"Root WebApplicationContext: initialization completed in 2765 ms","context":"default"}
{"timestamp":"2024-05-27 13:10:02.466","level":"INFO","thread":"main","logger":"com.zaxxer.hikari.HikariDataSource","message":"HikariPool-1 - Starting...","context":"default"}
{"timestamp":"2024-05-27 13:10:02.845","level":"INFO","thread":"main","logger":"com.zaxxer.hikari.pool.HikariPool","message":"HikariPool-1 - Added connection conn0: url=jdbc:h2:mem:6809aa84-1489-465d-bd20-53dfc3bd7b90 user=SA","context":"default"}
{"timestamp":"2024-05-27 13:10:02.849","level":"INFO","thread":"main","logger":"com.zaxxer.hikari.HikariDataSource","message":"HikariPool-1 - Start completed.","context":"default"}
{"timestamp":"2024-05-27 13:10:02.873","level":"INFO","thread":"main","logger":"org.springframework.boot.autoconfigure.h2.H2ConsoleAutoConfiguration","message":"H2 console available at '/h2-console'. Database available at 'jdbc:h2:mem:6809aa84-1489-465d-bd20-53dfc3bd7b90'","context":"default"}
{"timestamp":"2024-05-27 13:10:03.197","level":"INFO","thread":"main","logger":"org.hibernate.jpa.internal.util.LogHelper","message":"HHH000204: Processing PersistenceUnitInfo [name: default]","context":"default"}
{"timestamp":"2024-05-27 13:10:03.288","level":"INFO","thread":"main","logger":"org.hibernate.Version","message":"HHH000412: Hibernate ORM core version 6.4.4.Final","context":"default"}
{"timestamp":"2024-05-27 13:10:03.350","level":"INFO","thread":"main","logger":"org.hibernate.cache.internal.RegionFactoryInitiator","message":"HHH000026: Second-level cache disabled","context":"default"}
{"timestamp":"2024-05-27 13:10:03.773","level":"INFO","thread":"main","logger":"org.springframework.orm.jpa.persistenceunit.SpringPersistenceUnitInfo","message":"No LoadTimeWeaver setup: ignoring JPA class transformer","context":"default"}
{"timestamp":"2024-05-27 13:10:04.688","level":"INFO","thread":"main","logger":"org.hibernate.engine.transaction.jta.platform.internal.JtaPlatformInitiator","message":"HHH000489: No JTA platform available (set 'hibernate.transaction.jta.platform' to enable JTA platform integration)","context":"default"}
{"timestamp":"2024-05-27 13:10:04.713","level":"INFO","thread":"main","logger":"org.springframework.orm.jpa.LocalContainerEntityManagerFactoryBean","message":"Initialized JPA EntityManagerFactory for persistence unit 'default'","context":"default"}
{"timestamp":"2024-05-27 13:10:05.143","level":"WARN","thread":"main","logger":"org.springframework.boot.autoconfigure.orm.jpa.JpaBaseConfiguration$JpaWebConfiguration","message":"spring.jpa.open-in-view is enabled by default. Therefore, database queries may be performed during view rendering. Explicitly configure spring.jpa.open-in-view to disable this warning","context":"default"}
{"timestamp":"2024-05-27 13:10:05.574","level":"INFO","thread":"main","logger":"org.springframework.security.web.DefaultSecurityFilterChain","message":"Will secure Or [Mvc [pattern='/api/**']] with [org.springframework.security.web.session.DisableEncodeUrlFilter@42a08547, org.springframework.security.web.context.request.async.WebAsyncManagerIntegrationFilter@579b1d86, org.springframework.security.web.context.SecurityContextHolderFilter@6f66ab8f, org.springframework.security.web.header.HeaderWriterFilter@5f92ef40, org.springframework.web.filter.CorsFilter@5d28ac23, org.springframework.security.web.csrf.CsrfFilter@46244e65, org.springframework.security.web.authentication.logout.LogoutFilter@72090715, org.springframework.security.oauth2.server.resource.web.authentication.BearerTokenAuthenticationFilter@532b3244, org.springframework.security.web.savedrequest.RequestCacheAwareFilter@6bcf2780, org.springframework.security.web.servletapi.SecurityContextHolderAwareRequestFilter@4bb4adf7, org.springframework.security.web.authentication.AnonymousAuthenticationFilter@6e18bc2f, org.springframework.security.web.access.ExceptionTranslationFilter@26aecf31, org.springframework.security.web.access.intercept.AuthorizationFilter@53b42a0d]","context":"default"}
{"timestamp":"2024-05-27 13:10:06.162","level":"INFO","thread":"main","logger":"org.apache.catalina.core.ContainerBase.[Tomcat].[localhost].[/]","message":"Initializing Spring TestDispatcherServlet ''","context":"default"}
{"timestamp":"2024-05-27 13:10:06.163","level":"INFO","thread":"main","logger":"org.springframework.test.web.servlet.TestDispatcherServlet","message":"Initializing Servlet ''","context":"default"}
{"timestamp":"2024-05-27 13:10:06.166","level":"INFO","thread":"main","logger":"org.springframework.test.web.servlet.TestDispatcherServlet","message":"Completed initialization in 2 ms","context":"default"}
{"timestamp":"2024-05-27 13:10:06.240","level":"INFO","thread":"main","logger":"org.apache.coyote.http11.Http11NioProtocol","message":"Starting ProtocolHandler [\"http-nio-auto-1\"]","context":"default"}
{"timestamp":"2024-05-27 13:10:06.274","level":"INFO","thread":"main","logger":"org.springframework.boot.web.embedded.tomcat.TomcatWebServer","message":"Tomcat started on port 37145 (http) with context path ''","context":"default"}
{"timestamp":"2024-05-27 13:10:06.302","level":"INFO","thread":"main","logger":"com.byob.beyourownbarista.coffee.CoffeeIT","message":"Started CoffeeIT in 7.102 seconds (process running for 14.219)","context":"default"}
{"timestamp":"2024-05-27 13:10:06.776","level":"WARN","thread":"pool-1-thread-1","logger":"org.springframework.web.servlet.handler.HandlerMappingIntrospector","message":"Cache miss for REQUEST dispatch to '/api/coffee' (previous null). Performing MatchableHandlerMapping lookup. This is logged once only at WARN level, and every time at TRACE.","context":"default"}
{"timestamp":"2024-05-27 13:10:06.950","level":"INFO","thread":"pool-1-thread-1","mdc":{"REQUEST_URI":"/api/coffee","TRACE_ID":"204c0d18-bd07-435b-9f16-15137ef55bb7","REQUEST_METHOD":"POST"},"logger":"com.byob.beyourownbarista.api.coffee.CoffeeController","message":"Creating new coffee: Coffee(id=0, name=Espresso, price=2.5)","context":"default"}
{"timestamp":"2024-05-27 13:10:07.772","level":"INFO","thread":"pool-1-thread-1","mdc":{"REQUEST_URI":"/api/coffee","TRACE_ID":"27ace5d6-5949-4c8f-a211-027be1f8c0b4","REQUEST_METHOD":"GET"},"logger":"com.byob.beyourownbarista.api.coffee.CoffeeController","message":"Fetching all coffees","context":"default"}
{"timestamp":"2024-05-27 13:10:07.872","level":"INFO","thread":"pool-1-thread-1","mdc":{"REQUEST_URI":"/api/coffee/1","TRACE_ID":"072ae1a9-a174-4471-98fa-e548e52458f8","REQUEST_METHOD":"GET"},"logger":"com.byob.beyourownbarista.api.coffee.CoffeeController","message":"Fetching coffee with id 1","context":"default"}
{"timestamp":"2024-05-27 13:10:07.996","level":"INFO","thread":"pool-1-thread-1","mdc":{"REQUEST_URI":"/api/coffee/1","TRACE_ID":"9570b640-a1ac-40be-8911-b304b1cb5270","REQUEST_METHOD":"PUT"},"logger":"com.byob.beyourownbarista.api.coffee.CoffeeController","message":"Updating coffee with id 1","context":"default"}
{"timestamp":"2024-05-27 13:10:08.047","level":"INFO","thread":"pool-1-thread-1","mdc":{"REQUEST_URI":"/api/coffee/2","TRACE_ID":"9be5b3d0-c4c9-4a4e-94ef-4ff41dd1a572","REQUEST_METHOD":"PUT"},"logger":"com.byob.beyourownbarista.api.coffee.CoffeeController","message":"Updating coffee with id 2","context":"default"}
{"timestamp":"2024-05-27 13:10:08.050","level":"ERROR","thread":"pool-1-thread-1","mdc":{"REQUEST_URI":"/api/coffee/2","TRACE_ID":"9be5b3d0-c4c9-4a4e-94ef-4ff41dd1a572","RESPONSE_CODE":"404","REQUEST_METHOD":"PUT"},"logger":"com.byob.beyourownbarista.api.coffee.CoffeeController","message":"Coffee with id 2 not found","context":"default"}
{"timestamp":"2024-05-27 13:10:08.159","level":"INFO","thread":"SpringApplicationShutdownHook","logger":"org.springframework.orm.jpa.LocalContainerEntityManagerFactoryBean","message":"Closing JPA EntityManagerFactory for persistence unit 'default'","context":"default"}
{"timestamp":"2024-05-27 13:10:08.164","level":"INFO","thread":"SpringApplicationShutdownHook","logger":"com.zaxxer.hikari.HikariDataSource","message":"HikariPool-1 - Shutdown initiated...","context":"default"}
{"timestamp":"2024-05-27 13:10:08.169","level":"INFO","thread":"SpringApplicationShutdownHook","logger":"com.zaxxer.hikari.HikariDataSource","message":"HikariPool-1 - Shutdown completed.","context":"default"}
