{"timestamp":"2024-05-27 13:09:32.412","level":"INFO","thread":"main","logger":"org.springframework.test.context.support.AnnotationConfigContextLoaderUtils","message":"Could not detect default configuration classes for test class [com.byob.beyourownbarista.coffee.CoffeeIT]: CoffeeIT does not declare any static, non-private, non-final, nested classes annotated with @Configuration.","context":"default"}
{"timestamp":"2024-05-27 13:09:32.615","level":"INFO","thread":"main","logger":"org.springframework.boot.test.context.SpringBootTestContextBootstrapper","message":"Found @SpringBootConfiguration com.byob.beyourownbarista.BeYourOwnBaristaApplication for test class com.byob.beyourownbarista.coffee.CoffeeIT","context":"default"}
{"timestamp":"2024-05-27 13:09:33.126","level":"INFO","thread":"main","logger":"com.byob.beyourownbarista.coffee.CoffeeIT","message":"Starting CoffeeIT using Java 17.0.11 with PID 27540 (/home/johnearl/Workspace/BeYourOwnBarista/build/classes/kotlin/test started by johnearl in /home/johnearl/Workspace/BeYourOwnBarista)","context":"default"}
{"timestamp":"2024-05-27 13:09:33.128","level":"INFO","thread":"main","logger":"com.byob.beyourownbarista.coffee.CoffeeIT","message":"No active profile set, falling back to 1 default profile: \"default\"","context":"default"}
{"timestamp":"2024-05-27 13:09:34.416","level":"INFO","thread":"main","logger":"org.springframework.data.repository.config.RepositoryConfigurationDelegate","message":"Bootstrapping Spring Data JPA repositories in DEFAULT mode.","context":"default"}
{"timestamp":"2024-05-27 13:09:34.573","level":"INFO","thread":"main","logger":"org.springframework.data.repository.config.RepositoryConfigurationDelegate","message":"Finished Spring Data repository scanning in 140 ms. Found 1 JPA repository interface.","context":"default"}
{"timestamp":"2024-05-27 13:09:35.281","level":"INFO","thread":"main","logger":"org.springframework.boot.web.embedded.tomcat.TomcatWebServer","message":"Tomcat initialized with port 0 (http)","context":"default"}
{"timestamp":"2024-05-27 13:09:35.298","level":"INFO","thread":"main","logger":"org.apache.coyote.http11.Http11NioProtocol","message":"Initializing ProtocolHandler [\"http-nio-auto-1\"]","context":"default"}
{"timestamp":"2024-05-27 13:09:35.301","level":"INFO","thread":"main","logger":"org.apache.catalina.core.StandardService","message":"Starting service [Tomcat]","context":"default"}
{"timestamp":"2024-05-27 13:09:35.302","level":"INFO","thread":"main","logger":"org.apache.catalina.core.StandardEngine","message":"Starting Servlet engine: [Apache Tomcat/10.1.20]","context":"default"}
{"timestamp":"2024-05-27 13:09:35.371","level":"INFO","thread":"main","logger":"org.apache.catalina.core.ContainerBase.[Tomcat].[localhost].[/]","message":"Initializing Spring embedded WebApplicationContext","context":"default"}
{"timestamp":"2024-05-27 13:09:35.372","level":"INFO","thread":"main","logger":"org.springframework.boot.web.servlet.context.ServletWebServerApplicationContext","message":"Root WebApplicationContext: initialization completed in 2226 ms","context":"default"}
{"timestamp":"2024-05-27 13:09:35.411","level":"INFO","thread":"main","logger":"com.zaxxer.hikari.HikariDataSource","message":"HikariPool-1 - Starting...","context":"default"}
{"timestamp":"2024-05-27 13:09:35.624","level":"INFO","thread":"main","logger":"com.zaxxer.hikari.pool.HikariPool","message":"HikariPool-1 - Added connection conn0: url=jdbc:h2:mem:05707f1e-85b6-4101-81a9-36f85b671f9d user=SA","context":"default"}
{"timestamp":"2024-05-27 13:09:35.626","level":"INFO","thread":"main","logger":"com.zaxxer.hikari.HikariDataSource","message":"HikariPool-1 - Start completed.","context":"default"}
{"timestamp":"2024-05-27 13:09:35.640","level":"INFO","thread":"main","logger":"org.springframework.boot.autoconfigure.h2.H2ConsoleAutoConfiguration","message":"H2 console available at '/h2-console'. Database available at 'jdbc:h2:mem:05707f1e-85b6-4101-81a9-36f85b671f9d'","context":"default"}
{"timestamp":"2024-05-27 13:09:35.898","level":"INFO","thread":"main","logger":"org.hibernate.jpa.internal.util.LogHelper","message":"HHH000204: Processing PersistenceUnitInfo [name: default]","context":"default"}
{"timestamp":"2024-05-27 13:09:35.965","level":"INFO","thread":"main","logger":"org.hibernate.Version","message":"HHH000412: Hibernate ORM core version 6.4.4.Final","context":"default"}
{"timestamp":"2024-05-27 13:09:36.028","level":"INFO","thread":"main","logger":"org.hibernate.cache.internal.RegionFactoryInitiator","message":"HHH000026: Second-level cache disabled","context":"default"}
{"timestamp":"2024-05-27 13:09:36.455","level":"INFO","thread":"main","logger":"org.springframework.orm.jpa.persistenceunit.SpringPersistenceUnitInfo","message":"No LoadTimeWeaver setup: ignoring JPA class transformer","context":"default"}
{"timestamp":"2024-05-27 13:09:37.471","level":"INFO","thread":"main","logger":"org.hibernate.engine.transaction.jta.platform.internal.JtaPlatformInitiator","message":"HHH000489: No JTA platform available (set 'hibernate.transaction.jta.platform' to enable JTA platform integration)","context":"default"}
{"timestamp":"2024-05-27 13:09:37.498","level":"INFO","thread":"main","logger":"org.springframework.orm.jpa.LocalContainerEntityManagerFactoryBean","message":"Initialized JPA EntityManagerFactory for persistence unit 'default'","context":"default"}
{"timestamp":"2024-05-27 13:09:37.911","level":"WARN","thread":"main","logger":"org.springframework.boot.autoconfigure.orm.jpa.JpaBaseConfiguration$JpaWebConfiguration","message":"spring.jpa.open-in-view is enabled by default. Therefore, database queries may be performed during view rendering. Explicitly configure spring.jpa.open-in-view to disable this warning","context":"default"}
{"timestamp":"2024-05-27 13:09:38.510","level":"INFO","thread":"main","logger":"org.springframework.security.web.DefaultSecurityFilterChain","message":"Will secure Or [Mvc [pattern='/api/**']] with [org.springframework.security.web.session.DisableEncodeUrlFilter@5d28ac23, org.springframework.security.web.context.request.async.WebAsyncManagerIntegrationFilter@6e18bc2f, org.springframework.security.web.context.SecurityContextHolderFilter@6bcf2780, org.springframework.security.web.header.HeaderWriterFilter@4a3d4cd2, org.springframework.web.filter.CorsFilter@28d48616, org.springframework.security.web.csrf.CsrfFilter@76e56b17, org.springframework.security.web.authentication.logout.LogoutFilter@fcdeb50, org.springframework.security.oauth2.server.resource.web.authentication.BearerTokenAuthenticationFilter@42a08547, org.springframework.security.web.savedrequest.RequestCacheAwareFilter@11544ddd, org.springframework.security.web.servletapi.SecurityContextHolderAwareRequestFilter@38e46ea, org.springframework.security.web.authentication.AnonymousAuthenticationFilter@27acd9a7, org.springframework.security.web.access.ExceptionTranslationFilter@5f92ef40, org.springframework.security.web.access.intercept.AuthorizationFilter@33c5d3e]","context":"default"}
{"timestamp":"2024-05-27 13:09:39.133","level":"INFO","thread":"main","logger":"org.apache.catalina.core.ContainerBase.[Tomcat].[localhost].[/]","message":"Initializing Spring TestDispatcherServlet ''","context":"default"}
{"timestamp":"2024-05-27 13:09:39.134","level":"INFO","thread":"main","logger":"org.springframework.test.web.servlet.TestDispatcherServlet","message":"Initializing Servlet ''","context":"default"}
{"timestamp":"2024-05-27 13:09:39.138","level":"INFO","thread":"main","logger":"org.springframework.test.web.servlet.TestDispatcherServlet","message":"Completed initialization in 2 ms","context":"default"}
{"timestamp":"2024-05-27 13:09:39.228","level":"INFO","thread":"main","logger":"org.apache.coyote.http11.Http11NioProtocol","message":"Starting ProtocolHandler [\"http-nio-auto-1\"]","context":"default"}
{"timestamp":"2024-05-27 13:09:39.263","level":"INFO","thread":"main","logger":"org.springframework.boot.web.embedded.tomcat.TomcatWebServer","message":"Tomcat started on port 39413 (http) with context path ''","context":"default"}
{"timestamp":"2024-05-27 13:09:39.290","level":"INFO","thread":"main","logger":"com.byob.beyourownbarista.coffee.CoffeeIT","message":"Started CoffeeIT in 6.511 seconds (process running for 12.472)","context":"default"}
{"timestamp":"2024-05-27 13:09:39.889","level":"WARN","thread":"pool-1-thread-1","logger":"org.springframework.web.servlet.handler.HandlerMappingIntrospector","message":"Cache miss for REQUEST dispatch to '/api/coffee/0' (previous null). Performing MatchableHandlerMapping lookup. This is logged once only at WARN level, and every time at TRACE.","context":"default"}
{"timestamp":"2024-05-27 13:09:39.955","level":"INFO","thread":"pool-1-thread-1","mdc":{"REQUEST_URI":"/api/coffee/0","TRACE_ID":"b3251cfd-9802-4268-8c0d-d9a12cf07ecc","REQUEST_METHOD":"GET"},"logger":"com.byob.beyourownbarista.api.coffee.CoffeeController","message":"Fetching coffee with id 0","context":"default"}
{"timestamp":"2024-05-27 13:09:39.971","level":"ERROR","thread":"pool-1-thread-1","mdc":{"REQUEST_URI":"/api/coffee/0","TRACE_ID":"b3251cfd-9802-4268-8c0d-d9a12cf07ecc","RESPONSE_CODE":"404","REQUEST_METHOD":"GET"},"logger":"com.byob.beyourownbarista.api.coffee.CoffeeController","message":"Coffee with id 0 not found","context":"default"}
{"timestamp":"2024-05-27 13:09:40.466","level":"INFO","thread":"SpringApplicationShutdownHook","logger":"org.springframework.orm.jpa.LocalContainerEntityManagerFactoryBean","message":"Closing JPA EntityManagerFactory for persistence unit 'default'","context":"default"}
{"timestamp":"2024-05-27 13:09:40.472","level":"INFO","thread":"SpringApplicationShutdownHook","logger":"com.zaxxer.hikari.HikariDataSource","message":"HikariPool-1 - Shutdown initiated...","context":"default"}
{"timestamp":"2024-05-27 13:09:40.477","level":"INFO","thread":"SpringApplicationShutdownHook","logger":"com.zaxxer.hikari.HikariDataSource","message":"HikariPool-1 - Shutdown completed.","context":"default"}
{"timestamp":"2024-05-27 13:09:58.861","level":"INFO","thread":"main","logger":"org.springframework.test.context.support.AnnotationConfigContextLoaderUtils","message":"Could not detect default configuration classes for test class [com.byob.beyourownbarista.coffee.CoffeeIT]: CoffeeIT does not declare any static, non-private, non-final, nested classes annotated with @Configuration.","context":"default"}
{"timestamp":"2024-05-27 13:09:59.071","level":"INFO","thread":"main","logger":"org.springframework.boot.test.context.SpringBootTestContextBootstrapper","message":"Found @SpringBootConfiguration com.byob.beyourownbarista.BeYourOwnBaristaApplication for test class com.byob.beyourownbarista.coffee.CoffeeIT","context":"default"}
{"timestamp":"2024-05-27 13:09:59.599","level":"INFO","thread":"main","logger":"com.byob.beyourownbarista.coffee.CoffeeIT","message":"Starting CoffeeIT using Java 17.0.11 with PID 27848 (/home/johnearl/Workspace/BeYourOwnBarista/build/classes/kotlin/test started by johnearl in /home/johnearl/Workspace/BeYourOwnBarista)","context":"default"}
{"timestamp":"2024-05-27 13:09:59.602","level":"INFO","thread":"main","logger":"com.byob.beyourownbarista.coffee.CoffeeIT","message":"No active profile set, falling back to 1 default profile: \"default\"","context":"default"}
