{"timestamp":"2024-05-27 13:28:01.768","level":"INFO","thread":"main","logger":"org.springframework.test.context.support.AnnotationConfigContextLoaderUtils","message":"Could not detect default configuration classes for test class [com.byob.beyourownbarista.coffee.CoffeeIT]: CoffeeIT does not declare any static, non-private, non-final, nested classes annotated with @Configuration.","context":"default"}
{"timestamp":"2024-05-27 13:28:01.981","level":"INFO","thread":"main","logger":"org.springframework.boot.test.context.SpringBootTestContextBootstrapper","message":"Found @SpringBootConfiguration com.byob.beyourownbarista.BeYourOwnBaristaApplication for test class com.byob.beyourownbarista.coffee.CoffeeIT","context":"default"}
{"timestamp":"2024-05-27 13:28:02.645","level":"INFO","thread":"main","logger":"com.byob.beyourownbarista.coffee.CoffeeIT","message":"Starting CoffeeIT using Java 17.0.11 with PID 31472 (/home/johnearl/Workspace/BeYourOwnBarista/build/classes/kotlin/test started by johnearl in /home/johnearl/Workspace/BeYourOwnBarista)","context":"default"}
{"timestamp":"2024-05-27 13:28:02.649","level":"INFO","thread":"main","logger":"com.byob.beyourownbarista.coffee.CoffeeIT","message":"No active profile set, falling back to 1 default profile: \"default\"","context":"default"}
{"timestamp":"2024-05-27 13:28:03.934","level":"INFO","thread":"main","logger":"org.springframework.data.repository.config.RepositoryConfigurationDelegate","message":"Bootstrapping Spring Data JPA repositories in DEFAULT mode.","context":"default"}
{"timestamp":"2024-05-27 13:28:04.048","level":"INFO","thread":"main","logger":"org.springframework.data.repository.config.RepositoryConfigurationDelegate","message":"Finished Spring Data repository scanning in 104 ms. Found 1 JPA repository interface.","context":"default"}
{"timestamp":"2024-05-27 13:28:05.183","level":"INFO","thread":"main","logger":"org.springframework.boot.web.embedded.tomcat.TomcatWebServer","message":"Tomcat initialized with port 0 (http)","context":"default"}
{"timestamp":"2024-05-27 13:28:05.198","level":"INFO","thread":"main","logger":"org.apache.coyote.http11.Http11NioProtocol","message":"Initializing ProtocolHandler [\"http-nio-auto-1\"]","context":"default"}
{"timestamp":"2024-05-27 13:28:05.202","level":"INFO","thread":"main","logger":"org.apache.catalina.core.StandardService","message":"Starting service [Tomcat]","context":"default"}
{"timestamp":"2024-05-27 13:28:05.203","level":"INFO","thread":"main","logger":"org.apache.catalina.core.StandardEngine","message":"Starting Servlet engine: [Apache Tomcat/10.1.20]","context":"default"}
{"timestamp":"2024-05-27 13:28:05.278","level":"INFO","thread":"main","logger":"org.apache.catalina.core.ContainerBase.[Tomcat].[localhost].[/]","message":"Initializing Spring embedded WebApplicationContext","context":"default"}
{"timestamp":"2024-05-27 13:28:05.279","level":"INFO","thread":"main","logger":"org.springframework.boot.web.servlet.context.ServletWebServerApplicationContext","message":"Root WebApplicationContext: initialization completed in 2600 ms","context":"default"}
{"timestamp":"2024-05-27 13:28:05.318","level":"INFO","thread":"main","logger":"com.zaxxer.hikari.HikariDataSource","message":"HikariPool-1 - Starting...","context":"default"}
{"timestamp":"2024-05-27 13:28:05.686","level":"INFO","thread":"main","logger":"com.zaxxer.hikari.pool.HikariPool","message":"HikariPool-1 - Added connection conn0: url=jdbc:h2:mem:a4eb5f9b-f321-4fa9-a33c-3ff817e4853b user=SA","context":"default"}
{"timestamp":"2024-05-27 13:28:05.690","level":"INFO","thread":"main","logger":"com.zaxxer.hikari.HikariDataSource","message":"HikariPool-1 - Start completed.","context":"default"}
{"timestamp":"2024-05-27 13:28:05.718","level":"INFO","thread":"main","logger":"org.springframework.boot.autoconfigure.h2.H2ConsoleAutoConfiguration","message":"H2 console available at '/h2-console'. Database available at 'jdbc:h2:mem:a4eb5f9b-f321-4fa9-a33c-3ff817e4853b'","context":"default"}
{"timestamp":"2024-05-27 13:28:05.909","level":"INFO","thread":"main","logger":"org.hibernate.jpa.internal.util.LogHelper","message":"HHH000204: Processing PersistenceUnitInfo [name: default]","context":"default"}
{"timestamp":"2024-05-27 13:28:05.965","level":"INFO","thread":"main","logger":"org.hibernate.Version","message":"HHH000412: Hibernate ORM core version 6.4.4.Final","context":"default"}
{"timestamp":"2024-05-27 13:28:06.003","level":"INFO","thread":"main","logger":"org.hibernate.cache.internal.RegionFactoryInitiator","message":"HHH000026: Second-level cache disabled","context":"default"}
{"timestamp":"2024-05-27 13:28:06.266","level":"INFO","thread":"main","logger":"org.springframework.orm.jpa.persistenceunit.SpringPersistenceUnitInfo","message":"No LoadTimeWeaver setup: ignoring JPA class transformer","context":"default"}
{"timestamp":"2024-05-27 13:28:07.371","level":"INFO","thread":"main","logger":"org.hibernate.engine.transaction.jta.platform.internal.JtaPlatformInitiator","message":"HHH000489: No JTA platform available (set 'hibernate.transaction.jta.platform' to enable JTA platform integration)","context":"default"}
{"timestamp":"2024-05-27 13:28:07.398","level":"INFO","thread":"main","logger":"org.springframework.orm.jpa.LocalContainerEntityManagerFactoryBean","message":"Initialized JPA EntityManagerFactory for persistence unit 'default'","context":"default"}
{"timestamp":"2024-05-27 13:28:07.814","level":"WARN","thread":"main","logger":"org.springframework.boot.autoconfigure.orm.jpa.JpaBaseConfiguration$JpaWebConfiguration","message":"spring.jpa.open-in-view is enabled by default. Therefore, database queries may be performed during view rendering. Explicitly configure spring.jpa.open-in-view to disable this warning","context":"default"}
{"timestamp":"2024-05-27 13:28:08.255","level":"INFO","thread":"main","logger":"org.springframework.security.web.DefaultSecurityFilterChain","message":"Will secure Or [Mvc [pattern='/api/**']] with [org.springframework.security.web.session.DisableEncodeUrlFilter@26a0068a, org.springframework.security.web.context.request.async.WebAsyncManagerIntegrationFilter@783a2fec, org.springframework.security.web.context.SecurityContextHolderFilter@494775f1, org.springframework.security.web.header.HeaderWriterFilter@508863eb, org.springframework.web.filter.CorsFilter@61236349, org.springframework.security.web.csrf.CsrfFilter@26415b5e, org.springframework.security.web.authentication.logout.LogoutFilter@d0971cd, org.springframework.security.oauth2.server.resource.web.authentication.BearerTokenAuthenticationFilter@635f4be1, org.springframework.security.web.savedrequest.RequestCacheAwareFilter@67e03fe4, org.springframework.security.web.servletapi.SecurityContextHolderAwareRequestFilter@1ffcb4bb, org.springframework.security.web.authentication.AnonymousAuthenticationFilter@4daa53e0, org.springframework.security.web.access.ExceptionTranslationFilter@4c53ce60, org.springframework.security.web.access.intercept.AuthorizationFilter@4b75d640]","context":"default"}
{"timestamp":"2024-05-27 13:28:08.656","level":"INFO","thread":"main","logger":"org.apache.catalina.core.ContainerBase.[Tomcat].[localhost].[/]","message":"Initializing Spring TestDispatcherServlet ''","context":"default"}
{"timestamp":"2024-05-27 13:28:08.657","level":"INFO","thread":"main","logger":"org.springframework.test.web.servlet.TestDispatcherServlet","message":"Initializing Servlet ''","context":"default"}
{"timestamp":"2024-05-27 13:28:08.659","level":"INFO","thread":"main","logger":"org.springframework.test.web.servlet.TestDispatcherServlet","message":"Completed initialization in 2 ms","context":"default"}
{"timestamp":"2024-05-27 13:28:08.709","level":"INFO","thread":"main","logger":"org.apache.coyote.http11.Http11NioProtocol","message":"Starting ProtocolHandler [\"http-nio-auto-1\"]","context":"default"}
{"timestamp":"2024-05-27 13:28:08.733","level":"INFO","thread":"main","logger":"org.springframework.boot.web.embedded.tomcat.TomcatWebServer","message":"Tomcat started on port 45917 (http) with context path ''","context":"default"}
{"timestamp":"2024-05-27 13:28:08.747","level":"INFO","thread":"main","logger":"com.byob.beyourownbarista.coffee.CoffeeIT","message":"Started CoffeeIT in 6.598 seconds (process running for 15.021)","context":"default"}
{"timestamp":"2024-05-27 13:28:09.186","level":"WARN","thread":"pool-1-thread-1","logger":"org.springframework.web.servlet.handler.HandlerMappingIntrospector","message":"Cache miss for REQUEST dispatch to '/api/coffee' (previous null). Performing MatchableHandlerMapping lookup. This is logged once only at WARN level, and every time at TRACE.","context":"default"}
{"timestamp":"2024-05-27 13:28:09.316","level":"INFO","thread":"pool-1-thread-1","mdc":{"REQUEST_URI":"/api/coffee","TRACE_ID":"b17b6abb-d122-4c54-9d22-db054c793ea1","REQUEST_METHOD":"POST"},"logger":"com.byob.beyourownbarista.api.coffee.CoffeeController","message":"Creating new coffee: Coffee(id=0, name=Espresso, price=2.5)","context":"default"}
{"timestamp":"2024-05-27 13:28:10.006","level":"INFO","thread":"pool-1-thread-1","mdc":{"REQUEST_URI":"/api/coffee","TRACE_ID":"fc05b3b2-8975-4715-9525-d1bb51f5ba23","REQUEST_METHOD":"GET"},"logger":"com.byob.beyourownbarista.api.coffee.CoffeeController","message":"Fetching all coffees","context":"default"}
{"timestamp":"2024-05-27 13:28:10.154","level":"INFO","thread":"pool-1-thread-1","mdc":{"REQUEST_URI":"/api/coffee/1","TRACE_ID":"6ffb0b87-0775-4358-81fa-ef79f44d3055","REQUEST_METHOD":"GET"},"logger":"com.byob.beyourownbarista.api.coffee.CoffeeController","message":"Fetching coffee with id 1","context":"default"}
{"timestamp":"2024-05-27 13:28:10.260","level":"INFO","thread":"pool-1-thread-1","mdc":{"REQUEST_URI":"/api/coffee/2","TRACE_ID":"ad92b31e-3d96-4d45-91f7-b087aaa25819","REQUEST_METHOD":"GET"},"logger":"com.byob.beyourownbarista.api.coffee.CoffeeController","message":"Fetching coffee with id 2","context":"default"}
{"timestamp":"2024-05-27 13:28:10.265","level":"ERROR","thread":"pool-1-thread-1","mdc":{"REQUEST_URI":"/api/coffee/2","TRACE_ID":"ad92b31e-3d96-4d45-91f7-b087aaa25819","RESPONSE_CODE":"404","REQUEST_METHOD":"GET"},"logger":"com.byob.beyourownbarista.api.coffee.CoffeeController","message":"Coffee with id 2 not found","context":"default"}
{"timestamp":"2024-05-27 13:28:10.377","level":"INFO","thread":"pool-1-thread-1","mdc":{"REQUEST_URI":"/api/coffee/1","TRACE_ID":"d091aa57-25d3-4e77-a1cd-4fbaf5ab4bb0","REQUEST_METHOD":"PUT"},"logger":"com.byob.beyourownbarista.api.coffee.CoffeeController","message":"Updating coffee with id 1","context":"default"}
{"timestamp":"2024-05-27 13:28:10.484","level":"INFO","thread":"pool-1-thread-1","mdc":{"REQUEST_URI":"/api/coffee/2","TRACE_ID":"6d8cf073-fd26-46a5-b870-54de426e7876","REQUEST_METHOD":"PUT"},"logger":"com.byob.beyourownbarista.api.coffee.CoffeeController","message":"Updating coffee with id 2","context":"default"}
{"timestamp":"2024-05-27 13:28:10.487","level":"ERROR","thread":"pool-1-thread-1","mdc":{"REQUEST_URI":"/api/coffee/2","TRACE_ID":"6d8cf073-fd26-46a5-b870-54de426e7876","RESPONSE_CODE":"404","REQUEST_METHOD":"PUT"},"logger":"com.byob.beyourownbarista.api.coffee.CoffeeController","message":"Coffee with id 2 not found","context":"default"}
{"timestamp":"2024-05-27 13:28:10.525","level":"INFO","thread":"pool-1-thread-1","mdc":{"REQUEST_URI":"/api/coffee/1","TRACE_ID":"86b8db48-0ee7-452c-a553-e2e78a321321","REQUEST_METHOD":"DELETE"},"logger":"com.byob.beyourownbarista.api.coffee.CoffeeController","message":"Deleting coffee with id 1","context":"default"}
{"timestamp":"2024-05-27 13:28:10.582","level":"INFO","thread":"pool-1-thread-1","mdc":{"REQUEST_URI":"/api/coffee/2","TRACE_ID":"9db5a9d2-d2be-4b2f-b70d-86faee23ceb4","REQUEST_METHOD":"DELETE"},"logger":"com.byob.beyourownbarista.api.coffee.CoffeeController","message":"Deleting coffee with id 2","context":"default"}
{"timestamp":"2024-05-27 13:28:10.584","level":"ERROR","thread":"pool-1-thread-1","mdc":{"REQUEST_URI":"/api/coffee/2","TRACE_ID":"9db5a9d2-d2be-4b2f-b70d-86faee23ceb4","RESPONSE_CODE":"404","REQUEST_METHOD":"DELETE"},"logger":"com.byob.beyourownbarista.api.coffee.CoffeeController","message":"Coffee with id 2 not found","context":"default"}
{"timestamp":"2024-05-27 13:28:10.625","level":"INFO","thread":"SpringApplicationShutdownHook","logger":"org.springframework.orm.jpa.LocalContainerEntityManagerFactoryBean","message":"Closing JPA EntityManagerFactory for persistence unit 'default'","context":"default"}
{"timestamp":"2024-05-27 13:28:10.630","level":"INFO","thread":"SpringApplicationShutdownHook","logger":"com.zaxxer.hikari.HikariDataSource","message":"HikariPool-1 - Shutdown initiated...","context":"default"}
{"timestamp":"2024-05-27 13:28:10.633","level":"INFO","thread":"SpringApplicationShutdownHook","logger":"com.zaxxer.hikari.HikariDataSource","message":"HikariPool-1 - Shutdown completed.","context":"default"}
