{"timestamp":"2024-05-28 14:31:13.543","level":"INFO","thread":"main","logger":"org.springframework.test.context.support.AnnotationConfigContextLoaderUtils","message":"Could not detect default configuration classes for test class [com.byob.beyourownbarista.coffee.CoffeeIT]: CoffeeIT does not declare any static, non-private, non-final, nested classes annotated with @Configuration.","context":"default"}
{"timestamp":"2024-05-28 14:31:13.817","level":"INFO","thread":"main","logger":"org.springframework.boot.test.context.SpringBootTestContextBootstrapper","message":"Found @SpringBootConfiguration com.byob.beyourownbarista.BeYourOwnBaristaApplication for test class com.byob.beyourownbarista.coffee.CoffeeIT","context":"default"}
{"timestamp":"2024-05-28 14:31:14.378","level":"INFO","thread":"main","logger":"com.byob.beyourownbarista.coffee.CoffeeIT","message":"Starting CoffeeIT using Java 17.0.11 with PID 106879 (/home/johnearl/Workspace/BeYourOwnBarista/build/classes/kotlin/test started by johnearl in /home/johnearl/Workspace/BeYourOwnBarista)","context":"default"}
{"timestamp":"2024-05-28 14:31:14.380","level":"INFO","thread":"main","logger":"com.byob.beyourownbarista.coffee.CoffeeIT","message":"No active profile set, falling back to 1 default profile: \"default\"","context":"default"}
{"timestamp":"2024-05-28 14:31:15.813","level":"INFO","thread":"main","logger":"org.springframework.data.repository.config.RepositoryConfigurationDelegate","message":"Bootstrapping Spring Data JPA repositories in DEFAULT mode.","context":"default"}
{"timestamp":"2024-05-28 14:31:15.972","level":"INFO","thread":"main","logger":"org.springframework.data.repository.config.RepositoryConfigurationDelegate","message":"Finished Spring Data repository scanning in 142 ms. Found 1 JPA repository interface.","context":"default"}
{"timestamp":"2024-05-28 14:31:16.719","level":"INFO","thread":"main","logger":"org.springframework.boot.web.embedded.tomcat.TomcatWebServer","message":"Tomcat initialized with port 0 (http)","context":"default"}
{"timestamp":"2024-05-28 14:31:16.744","level":"INFO","thread":"main","logger":"org.apache.coyote.http11.Http11NioProtocol","message":"Initializing ProtocolHandler [\"http-nio-auto-1\"]","context":"default"}
{"timestamp":"2024-05-28 14:31:16.749","level":"INFO","thread":"main","logger":"org.apache.catalina.core.StandardService","message":"Starting service [Tomcat]","context":"default"}
{"timestamp":"2024-05-28 14:31:16.750","level":"INFO","thread":"main","logger":"org.apache.catalina.core.StandardEngine","message":"Starting Servlet engine: [Apache Tomcat/10.1.20]","context":"default"}
{"timestamp":"2024-05-28 14:31:16.893","level":"INFO","thread":"main","logger":"org.apache.catalina.core.ContainerBase.[Tomcat].[localhost].[/]","message":"Initializing Spring embedded WebApplicationContext","context":"default"}
{"timestamp":"2024-05-28 14:31:16.895","level":"INFO","thread":"main","logger":"org.springframework.boot.web.servlet.context.ServletWebServerApplicationContext","message":"Root WebApplicationContext: initialization completed in 2491 ms","context":"default"}
{"timestamp":"2024-05-28 14:31:16.976","level":"INFO","thread":"main","logger":"com.zaxxer.hikari.HikariDataSource","message":"HikariPool-1 - Starting...","context":"default"}
{"timestamp":"2024-05-28 14:31:17.269","level":"INFO","thread":"main","logger":"com.zaxxer.hikari.pool.HikariPool","message":"HikariPool-1 - Added connection conn0: url=jdbc:h2:mem:61d94fb9-971b-41ec-ba13-3736b9de1589 user=SA","context":"default"}
{"timestamp":"2024-05-28 14:31:17.272","level":"INFO","thread":"main","logger":"com.zaxxer.hikari.HikariDataSource","message":"HikariPool-1 - Start completed.","context":"default"}
{"timestamp":"2024-05-28 14:31:17.287","level":"INFO","thread":"main","logger":"org.springframework.boot.autoconfigure.h2.H2ConsoleAutoConfiguration","message":"H2 console available at '/h2-console'. Database available at 'jdbc:h2:mem:61d94fb9-971b-41ec-ba13-3736b9de1589'","context":"default"}
{"timestamp":"2024-05-28 14:31:17.493","level":"INFO","thread":"main","logger":"org.hibernate.jpa.internal.util.LogHelper","message":"HHH000204: Processing PersistenceUnitInfo [name: default]","context":"default"}
{"timestamp":"2024-05-28 14:31:17.546","level":"INFO","thread":"main","logger":"org.hibernate.Version","message":"HHH000412: Hibernate ORM core version 6.4.4.Final","context":"default"}
{"timestamp":"2024-05-28 14:31:17.583","level":"INFO","thread":"main","logger":"org.hibernate.cache.internal.RegionFactoryInitiator","message":"HHH000026: Second-level cache disabled","context":"default"}
{"timestamp":"2024-05-28 14:31:17.831","level":"INFO","thread":"main","logger":"org.springframework.orm.jpa.persistenceunit.SpringPersistenceUnitInfo","message":"No LoadTimeWeaver setup: ignoring JPA class transformer","context":"default"}
{"timestamp":"2024-05-28 14:31:18.743","level":"INFO","thread":"main","logger":"org.hibernate.engine.transaction.jta.platform.internal.JtaPlatformInitiator","message":"HHH000489: No JTA platform available (set 'hibernate.transaction.jta.platform' to enable JTA platform integration)","context":"default"}
{"timestamp":"2024-05-28 14:31:18.770","level":"INFO","thread":"main","logger":"org.springframework.orm.jpa.LocalContainerEntityManagerFactoryBean","message":"Initialized JPA EntityManagerFactory for persistence unit 'default'","context":"default"}
{"timestamp":"2024-05-28 14:31:19.186","level":"WARN","thread":"main","logger":"org.springframework.boot.autoconfigure.orm.jpa.JpaBaseConfiguration$JpaWebConfiguration","message":"spring.jpa.open-in-view is enabled by default. Therefore, database queries may be performed during view rendering. Explicitly configure spring.jpa.open-in-view to disable this warning","context":"default"}
{"timestamp":"2024-05-28 14:31:19.580","level":"INFO","thread":"main","logger":"org.springframework.security.web.DefaultSecurityFilterChain","message":"Will secure Or [Mvc [pattern='/api/**']] with [org.springframework.security.web.session.DisableEncodeUrlFilter@26a0068a, org.springframework.security.web.context.request.async.WebAsyncManagerIntegrationFilter@783a2fec, org.springframework.security.web.context.SecurityContextHolderFilter@494775f1, org.springframework.security.web.header.HeaderWriterFilter@508863eb, org.springframework.web.filter.CorsFilter@61236349, org.springframework.security.web.csrf.CsrfFilter@26415b5e, org.springframework.security.web.authentication.logout.LogoutFilter@d0971cd, org.springframework.security.oauth2.server.resource.web.authentication.BearerTokenAuthenticationFilter@635f4be1, org.springframework.security.web.savedrequest.RequestCacheAwareFilter@67e03fe4, org.springframework.security.web.servletapi.SecurityContextHolderAwareRequestFilter@1ffcb4bb, org.springframework.security.web.authentication.AnonymousAuthenticationFilter@4daa53e0, org.springframework.security.web.access.ExceptionTranslationFilter@4c53ce60, org.springframework.security.web.access.intercept.AuthorizationFilter@4b75d640]","context":"default"}
{"timestamp":"2024-05-28 14:31:19.926","level":"INFO","thread":"main","logger":"org.apache.catalina.core.ContainerBase.[Tomcat].[localhost].[/]","message":"Initializing Spring TestDispatcherServlet ''","context":"default"}
{"timestamp":"2024-05-28 14:31:19.927","level":"INFO","thread":"main","logger":"org.springframework.test.web.servlet.TestDispatcherServlet","message":"Initializing Servlet ''","context":"default"}
{"timestamp":"2024-05-28 14:31:19.929","level":"INFO","thread":"main","logger":"org.springframework.test.web.servlet.TestDispatcherServlet","message":"Completed initialization in 2 ms","context":"default"}
{"timestamp":"2024-05-28 14:31:19.968","level":"INFO","thread":"main","logger":"org.apache.coyote.http11.Http11NioProtocol","message":"Starting ProtocolHandler [\"http-nio-auto-1\"]","context":"default"}
{"timestamp":"2024-05-28 14:31:19.989","level":"INFO","thread":"main","logger":"org.springframework.boot.web.embedded.tomcat.TomcatWebServer","message":"Tomcat started on port 36803 (http) with context path ''","context":"default"}
{"timestamp":"2024-05-28 14:31:20.004","level":"INFO","thread":"main","logger":"com.byob.beyourownbarista.coffee.CoffeeIT","message":"Started CoffeeIT in 6.046 seconds (process running for 13.152)","context":"default"}
{"timestamp":"2024-05-28 14:31:20.405","level":"WARN","thread":"pool-1-thread-1","logger":"org.springframework.web.servlet.handler.HandlerMappingIntrospector","message":"Cache miss for REQUEST dispatch to '/api/v1/coffee' (previous null). Performing MatchableHandlerMapping lookup. This is logged once only at WARN level, and every time at TRACE.","context":"default"}
{"timestamp":"2024-05-28 14:31:20.523","level":"INFO","thread":"pool-1-thread-1","mdc":{"REQUEST_URI":"/api/v1/coffee","TRACE_ID":"982e404b-0291-413b-bd2c-2af51106851a","REQUEST_METHOD":"POST"},"logger":"com.byob.beyourownbarista.api.coffee.CoffeeController","message":"Creating new coffee: Coffee(id=0, name=Espresso, price=2.5)","context":"default"}
{"timestamp":"2024-05-28 14:31:21.418","level":"INFO","thread":"pool-1-thread-1","mdc":{"REQUEST_URI":"/api/v1/coffee","TRACE_ID":"3d71112a-4f2e-4faf-972a-16092a424d59","REQUEST_METHOD":"GET"},"logger":"com.byob.beyourownbarista.api.coffee.CoffeeController","message":"Fetching all coffees","context":"default"}
{"timestamp":"2024-05-28 14:31:21.554","level":"INFO","thread":"pool-1-thread-1","mdc":{"REQUEST_URI":"/api/v1/coffee/1","TRACE_ID":"b8528467-a402-45c5-b943-baf29ff7a554","REQUEST_METHOD":"GET"},"logger":"com.byob.beyourownbarista.api.coffee.CoffeeController","message":"Fetching coffee with id 1","context":"default"}
{"timestamp":"2024-05-28 14:31:21.647","level":"INFO","thread":"pool-1-thread-1","mdc":{"REQUEST_URI":"/api/v1/coffee/2","TRACE_ID":"a4ba7478-7b39-48c1-ac78-b2c98cf842cc","REQUEST_METHOD":"GET"},"logger":"com.byob.beyourownbarista.api.coffee.CoffeeController","message":"Fetching coffee with id 2","context":"default"}
{"timestamp":"2024-05-28 14:31:21.651","level":"ERROR","thread":"pool-1-thread-1","mdc":{"REQUEST_URI":"/api/v1/coffee/2","TRACE_ID":"a4ba7478-7b39-48c1-ac78-b2c98cf842cc","RESPONSE_CODE":"404","REQUEST_METHOD":"GET"},"logger":"com.byob.beyourownbarista.api.coffee.CoffeeController","message":"Coffee with id 2 not found","context":"default"}
{"timestamp":"2024-05-28 14:31:21.759","level":"INFO","thread":"pool-1-thread-1","mdc":{"REQUEST_URI":"/api/v1/coffee/1","TRACE_ID":"2376c2ce-b4f7-4473-9876-0d90b69d5ad1","REQUEST_METHOD":"PUT"},"logger":"com.byob.beyourownbarista.api.coffee.CoffeeController","message":"Updating coffee with id 1","context":"default"}
{"timestamp":"2024-05-28 14:31:21.822","level":"INFO","thread":"pool-1-thread-1","mdc":{"REQUEST_URI":"/api/v1/coffee/2","TRACE_ID":"7136bd37-3b72-4019-81e7-11d1199ba5c0","REQUEST_METHOD":"PUT"},"logger":"com.byob.beyourownbarista.api.coffee.CoffeeController","message":"Updating coffee with id 2","context":"default"}
{"timestamp":"2024-05-28 14:31:21.824","level":"ERROR","thread":"pool-1-thread-1","mdc":{"REQUEST_URI":"/api/v1/coffee/2","TRACE_ID":"7136bd37-3b72-4019-81e7-11d1199ba5c0","RESPONSE_CODE":"404","REQUEST_METHOD":"PUT"},"logger":"com.byob.beyourownbarista.api.coffee.CoffeeController","message":"Coffee with id 2 not found","context":"default"}
{"timestamp":"2024-05-28 14:31:21.863","level":"INFO","thread":"pool-1-thread-1","mdc":{"REQUEST_URI":"/api/v1/coffee/1","TRACE_ID":"5e790840-bd41-47cd-b9fd-19be9f524403","REQUEST_METHOD":"DELETE"},"logger":"com.byob.beyourownbarista.api.coffee.CoffeeController","message":"Deleting coffee with id 1","context":"default"}
{"timestamp":"2024-05-28 14:31:21.920","level":"INFO","thread":"pool-1-thread-1","mdc":{"REQUEST_URI":"/api/v1/coffee/1","TRACE_ID":"1e53e4c8-8ee0-4809-b099-d23387f7f39a","REQUEST_METHOD":"GET"},"logger":"com.byob.beyourownbarista.api.coffee.CoffeeController","message":"Fetching coffee with id 1","context":"default"}
{"timestamp":"2024-05-28 14:31:21.923","level":"ERROR","thread":"pool-1-thread-1","mdc":{"REQUEST_URI":"/api/v1/coffee/1","TRACE_ID":"1e53e4c8-8ee0-4809-b099-d23387f7f39a","RESPONSE_CODE":"404","REQUEST_METHOD":"GET"},"logger":"com.byob.beyourownbarista.api.coffee.CoffeeController","message":"Coffee with id 1 not found","context":"default"}
{"timestamp":"2024-05-28 14:31:21.965","level":"INFO","thread":"pool-1-thread-1","mdc":{"REQUEST_URI":"/api/v1/coffee/2","TRACE_ID":"de0ebe29-e5aa-4c82-ac2d-0ee54eda2113","REQUEST_METHOD":"DELETE"},"logger":"com.byob.beyourownbarista.api.coffee.CoffeeController","message":"Deleting coffee with id 2","context":"default"}
{"timestamp":"2024-05-28 14:31:21.970","level":"ERROR","thread":"pool-1-thread-1","mdc":{"REQUEST_URI":"/api/v1/coffee/2","TRACE_ID":"de0ebe29-e5aa-4c82-ac2d-0ee54eda2113","RESPONSE_CODE":"404","REQUEST_METHOD":"DELETE"},"logger":"com.byob.beyourownbarista.api.coffee.CoffeeController","message":"Coffee with id 2 not found","context":"default"}
{"timestamp":"2024-05-28 14:31:22.043","level":"INFO","thread":"SpringApplicationShutdownHook","logger":"org.springframework.orm.jpa.LocalContainerEntityManagerFactoryBean","message":"Closing JPA EntityManagerFactory for persistence unit 'default'","context":"default"}
{"timestamp":"2024-05-28 14:31:22.048","level":"INFO","thread":"SpringApplicationShutdownHook","logger":"com.zaxxer.hikari.HikariDataSource","message":"HikariPool-1 - Shutdown initiated...","context":"default"}
{"timestamp":"2024-05-28 14:31:22.053","level":"INFO","thread":"SpringApplicationShutdownHook","logger":"com.zaxxer.hikari.HikariDataSource","message":"HikariPool-1 - Shutdown completed.","context":"default"}
